MPASM  5.51                      PROYECT6.ASM   3-14-2020  23:24:49         PAGE  1


LOC  OBJECT CODE     LINE SOURCE TEXT
  VALUE

                      00001 ;**********************************************************************
                      00002 ;   This file is a basic code template for assembly code generation   *
                      00003 ;   on the PIC16F887. This file contains the basic code               *
                      00004 ;   building blocks to build upon.                                    *
                      00005 ;                                                                     *
                      00006 ;   Refer to the MPASM User's Guide for additional information on     *
                      00007 ;   features of the assembler (Document DS33014).                     *
                      00008 ;                                                                     *
                      00009 ;   Refer to the respective PIC data sheet for additional             *
                      00010 ;   information on the instruction set.                               *
                      00011 ;                                                                     *
                      00012 ;**********************************************************************
                      00013 ;                                                                     *
                      00014 ;    Filename:      xxx.asm                                           *
                      00015 ;    Date:                                                            *
                      00016 ;    File Version:                                                    *
                      00017 ;                                                                     *
                      00018 ;    Author:                                                          *
                      00019 ;    Company:                                                         *
                      00020 ;                                                                     *
                      00021 ;                                                                     *
                      00022 ;**********************************************************************
                      00023 ;                                                                     *
                      00024 ;    Files Required: P16F887.INC                                      *
                      00025 ;                                                                     *
                      00026 ;**********************************************************************
                      00027 ;                                                                     *
                      00028 ;    Notes:                                                           *
                      00029 ;                                                                     *
                      00030 ;**********************************************************************
                      00031 
                      00032 
                      00033         list            p=16f887        ; list directive to define processor
                      00034         #include        <p16f887.inc>   ; processor specific variable definitions
                      00001         LIST
                      00002 
                      00003 ;==========================================================================
                      00004 ;  MPASM PIC16F887 processor include
                      00005 ; 
                      00006 ;  (c) Copyright 1999-2013 Microchip Technology, All rights reserved
                      00007 ;==========================================================================
                      00008 
                      00809         LIST
                      00035 
                      00036 
                      00037 ; '__CONFIG' directive is used to embed configuration data within .asm file.
                      00038 ; The labels following the directive are located in the respective .inc file.
                      00039 ; See respective data sheet for additional information on configuration word.
                      00040 
2007   28E4           00041         __CONFIG    _CONFIG1, _LVP_OFF & _FCMEN_ON & _IESO_OFF & _BOR_OFF & _CPD_OFF & _CP_OFF & _MCLRE_
                            ON & _PWRTE_ON & _WDT_OFF & _INTRC_OSC_NOCLKOUT
2008   3EFF           00042         __CONFIG    _CONFIG2, _WRT_OFF & _BOR21V
                      00043 
MPASM  5.51                      PROYECT6.ASM   3-14-2020  23:24:49         PAGE  2


LOC  OBJECT CODE     LINE SOURCE TEXT
  VALUE

                      00044 
                      00045 
                      00046 ;***** VARIABLE DEFINITIONS
  00000080            00047 J       equ     H'80'     
  00000081            00048 K       equ     H'81'
  00000082            00049 L       equ     H'82'
  00000021            00050 CONTADOR equ 0x21
  00000020            00051 CONTA EQU 0x20 
  00000023            00052 CONTADOR2 EQU 0X23
                      00053 
                      00054 
                      00055 ;**********************************************************************
0000                  00056         ORG     0x000             ; processor reset vector
                      00057 
0000   0000           00058         nop
0001   1683           00059         bsf              STATUS,RP0                     ;ACCESO AL BANCO 1
0002   1303           00060         bcf              STATUS,RP1
0003   30FF           00061         movlw            b'11111111'    ;CONFIGURO PORTA COMO ENTRADAS
Message[302]: Register in operand not in bank 0.  Ensure that bank bits are correct.
0004   0085           00062         movwf            TRISA
Message[302]: Register in operand not in bank 0.  Ensure that bank bits are correct.
0005   0186           00063         clrf             TRISB                  ;CONFIGURO PORTB COMO SALIDA
Message[302]: Register in operand not in bank 0.  Ensure that bank bits are correct.
0006   0187           00064         clrf             TRISC                  ;CONFIGURO PORTC COMO SALIDA
Message[302]: Register in operand not in bank 0.  Ensure that bank bits are correct.
0007   0188           00065         clrf             TRISD                  ;CONFIGURO PORTD COMO SALIDA
0008   1683 1303      00066         BANKSEL OPTION_REG
000A   30C6           00067     MOVLW b'11000110' ;Configuración del modulo TMR0
Message[302]: Register in operand not in bank 0.  Ensure that bank bits are correct.
000B   0081           00068     MOVWF OPTION_REG ;Preescaler = 128
000C   1283           00069         bcf              STATUS,RP0                     ;ACCESO AL BANCO 0
000D   1303           00070         bcf              STATUS,RP1
000E   2898           00071         goto    main              ; go to beginning of program
                      00072 
                      00073 
0004                  00074         ORG     0x004             ; interrupt vector location
                      00075 
                      00076 
                      00077 ; isr code can go here or be located as a call subroutine elsewhere
                      00078 
                      00079 
                      00080 
Error[118]  : Overwriting previous address contents (0004)
Error[118]  : Overwriting previous address contents (0004)
0004   0782           00081 TABLA1: addwf   PCL,f
Error[118]  : Overwriting previous address contents (0005)
Error[118]  : Overwriting previous address contents (0005)
0005   3433           00082                 retlw   b'00110011'                             ;M
Error[118]  : Overwriting previous address contents (0006)
Error[118]  : Overwriting previous address contents (0006)
0006   3430           00083                 retlw   b'00110000'                             ;1 uno
Error[118]  : Overwriting previous address contents (0007)
Error[118]  : Overwriting previous address contents (0007)
MPASM  5.51                      PROYECT6.ASM   3-14-2020  23:24:49         PAGE  3


LOC  OBJECT CODE     LINE SOURCE TEXT
  VALUE

0007   3400           00084                 retlw   b'00000000'                             ;- 
Error[118]  : Overwriting previous address contents (0008)
Error[118]  : Overwriting previous address contents (0008)
0008   343E           00085                 retlw   b'00111110'                             ;D
Error[118]  : Overwriting previous address contents (0009)
Error[118]  : Overwriting previous address contents (0009)
0009   34CF           00086                 retlw   b'11001111'                             ;E
Error[118]  : Overwriting previous address contents (000A)
Error[118]  : Overwriting previous address contents (000A)
000A   34C3           00087                 retlw   b'11000011'                             ;R
Error[118]  : Overwriting previous address contents (000B)
Error[118]  : Overwriting previous address contents (000B)
000B   34CF           00088                 retlw   b'11001111'                             ;E
Error[118]  : Overwriting previous address contents (000C)
Error[118]  : Overwriting previous address contents (000C)
000C   34CF           00089                 retlw   b'11001111'                             ;C
Error[118]  : Overwriting previous address contents (000D)
Error[118]  : Overwriting previous address contents (000D)
000D   3433           00090                 retlw   b'00110011'                             ;H
Error[118]  : Overwriting previous address contents (000E)
Error[118]  : Overwriting previous address contents (000E)
000E   34F3           00091                 retlw   b'11110011'                             ;A
000F   01A1           00092                 CLRF CONTADOR
0010   0008           00093                 RETURN  
0011   0782           00094 TABLA1_2:       addwf   PCL,f
0012   34A0           00095                 retlw   b'10100000'                             ;M
0013   3420           00096                 retlw   b'00100000'                             ;1 uno
0014   3418           00097                 retlw   b'00011000'                             ;-
0015   3418           00098                 retlw   b'00011000'                             ;D
0016   3418           00099                 retlw   b'00011000'                             ;E
0017   3400           00100                 retlw   b'00000000'                             ;R
0018   3418           00101                 retlw   b'00011000'                             ;E
0019   3400           00102                 retlw   b'00000000'                             ;C
001A   3418           00103                 retlw   b'00011000'                             ;H
001B   3418           00104                 retlw   b'00011000'                             ;A
001C   01A3           00105                 CLRF CONTADOR2
001D   0008           00106                 RETURN  
                      00107 
001E   0782           00108 TABLA2_1:       addwf   PCL,f
001F   3433           00109                 retlw   b'00110011'                             ;M
0020   3430           00110                 retlw   b'00110000'                             ;1 uno
0021   3400           00111                 retlw   b'00000000'                             ;- 
0022   34CC           00112                 retlw   b'11001100'                             ;I
0023   34CC           00113                 retlw   b'11001100'                             ;Z
0024   34F1           00114                 retlw   b'11110001'                             ;Q
0025   343F           00115                 retlw   b'00111111'                             ;U
0026   34CC           00116                 retlw   b'11001100'                             ;I
0027   34CF           00117                 retlw   b'11001111'                             ;E
0028   34C3           00118                 retlw   b'11000011'                             ;R
0029   343E           00119                 retlw   b'00111110'                             ;D
002A   34F3           00120                 retlw   b'11110011'                             ;A
                      00121 
002B   01A1           00122                 CLRF CONTADOR
MPASM  5.51                      PROYECT6.ASM   3-14-2020  23:24:49         PAGE  4


LOC  OBJECT CODE     LINE SOURCE TEXT
  VALUE

002C   0008           00123         return
                      00124 
002D                  00125 TABLA2_2:       
002D   0782           00126                 addwf   PCL,f
002E   34A0           00127                 retlw   b'10100000'                             ;M
002F   3420           00128                 retlw   b'00100000'                             ;1 uno
0030   3418           00129                 retlw   b'00011000'                             ;-
0031   3442           00130                 retlw   b'01000010'                             ;I
0032   3424           00131                 retlw   b'00100100'                             ;Z
0033   3418           00132                 retlw   b'00011000'                             ;Q
0034   3400           00133                 retlw   b'00000000'                             ;U
0035   3442           00134                 retlw   b'01000010'                             ;I
0036   3418           00135                 retlw   b'00011000'                             ;E
0037   3400           00136                 retlw   b'00000000'                             ;R
0038   3418           00137                 retlw   b'00011000'                             ;D
0039   3418           00138                 retlw   b'00011000'                             ;A
003A   01A3           00139                 CLRF CONTADOR2
003B   0008           00140         return
003C   0782           00141 TABLA3_1:addwf  PCL,f
003D   3433           00142                 retlw   b'00110011'                             ;M
003E   3430           00143                 retlw   b'00110000'                             ;1 uno
003F   3400           00144                 retlw   b'00000000'                             ;- 
0040   343E           00145                 retlw   b'00111110'                             ;D
0041   34CF           00146                 retlw   b'11001111'                             ;E
0042   34C3           00147                 retlw   b'11000011'                             ;R
0043   34CF           00148                 retlw   b'11001111'                             ;E
0044   34CF           00149                 retlw   b'11001111'                             ;C
0045   3433           00150                 retlw   b'00110011'                             ;H
0046   34F3           00151                 retlw   b'11110011'                             ;A
0047   01A1           00152                 CLRF CONTADOR
0048   0008           00153         RETURN
                      00154 
0049   0782           00155 TABLA3_2:       addwf   PCL,f
004A   34A0           00156                 retlw   b'10100000'                             ;M
004B   3420           00157                 retlw   b'00100000'                             ;1 uno
004C   3418           00158                 retlw   b'00011000'                             ;-
004D   3418           00159                 retlw   b'00011000'                             ;D
004E   3418           00160                 retlw   b'00011000'                             ;E
004F   3400           00161                 retlw   b'00000000'                             ;R
0050   3418           00162                 retlw   b'00011000'                             ;E
0051   3400           00163                 retlw   b'00000000'                             ;C
0052   3418           00164                 retlw   b'00011000'                             ;H
0053   3418           00165                 retlw   b'00011000'                             ;A
0054   01A3           00166                 CLRF CONTADOR2
0055   0008           00167         RETURN
                      00168 
0056   0782           00169 TABLA4_1:       addwf   PCL,f
0057   3433           00170                 retlw   b'00110011'                             ;M
0058   3430           00171                 retlw   b'00110000'                             ;1 uno
0059   3400           00172                 retlw   b'00000000'                             ;- 
005A   34CC           00173                 retlw   b'11001100'                             ;I
005B   34CC           00174                 retlw   b'11001100'                             ;Z
005C   34F1           00175                 retlw   b'11110001'                             ;Q
MPASM  5.51                      PROYECT6.ASM   3-14-2020  23:24:49         PAGE  5


LOC  OBJECT CODE     LINE SOURCE TEXT
  VALUE

005D   343F           00176                 retlw   b'00111111'                             ;U
005E   34CC           00177                 retlw   b'11001100'                             ;I
005F   34CF           00178                 retlw   b'11001111'                             ;E
0060   34C3           00179                 retlw   b'11000011'                             ;R
0061   343E           00180                 retlw   b'00111110'                             ;D
0062   34F3           00181                 retlw   b'11110011'                             ;A
                      00182 
0063   01A1           00183                 CLRF CONTADOR
0064   0008           00184         RETURN
0065   0782           00185 TABLA4_2:       addwf   PCL,f
0066   34A0           00186                 retlw   b'10100000'                             ;M
0067   3420           00187                 retlw   b'00100000'                             ;1 uno
0068   3418           00188                 retlw   b'00011000'                             ;-
0069   3442           00189                 retlw   b'01000010'                             ;I
006A   3424           00190                 retlw   b'00100100'                             ;Z
006B   3418           00191                 retlw   b'00011000'                             ;Q
006C   3400           00192                 retlw   b'00000000'                             ;U
006D   3442           00193                 retlw   b'01000010'                             ;I
006E   3418           00194                 retlw   b'00011000'                             ;E
006F   3400           00195                 retlw   b'00000000'                             ;R
0070   3418           00196                 retlw   b'00011000'                             ;D
0071   3418           00197                 retlw   b'00011000'                             ;A
0072   01A3           00198                 CLRF CONTADOR2
0073   0008           00199         RETURN
                      00200 
                      00201 
                      00202 ;SUBRUTINA DE RETRASO APROX DE 1 SEGUNDO.SE PUEDE MODIFICAR A (16.4 x L) MILISEGUNDOS
                      00203 
0074                  00204 _retardo ;T = 4 * Tosc * Valor de TMR0 * Preescaler
0074   3064           00205         MOVLW d'100' ;Cargar el valor de CONTA para 0.5 segundo (VALOR A MODIFICAR SI SE QUIERE MAYOR RE
                            TARDO)
0075   00A0           00206         MOVWF CONTA
0076                  00207 _espera1
0076   018B           00208         CLRF INTCON ;Deshabilitar interrupciones
0077   3032           00209         MOVLW d'50' ;Cargar el valor de TMR0 para 122 cuentas
0078   0081           00210         MOVWF TMR0 
0079                  00211 _espera
0079   1D0B           00212         btfss INTCON,T0IF ;Esperar desborde del TMR0
007A   2879           00213         GOTO _espera
Message[305]: Using default destination of 1 (file).
007B   0BA0           00214         DECFSZ CONTA ;Decrementar el registro CONTA hasta cero
007C   2876           00215         GOTO _espera1 
007D   0008           00216         RETURN ;retorno de call
                      00217 
                      00218 
007E                  00219 m2_derecha:
                      00220 
007E   2898           00221         goto             main
                      00222         
007F                  00223 m1_derecha:   
007F   0821           00224         MOVF    CONTADOR,0
0080   2004           00225         CALL    TABLA1
0081   0086           00226         MOVWF   PORTB
MPASM  5.51                      PROYECT6.ASM   3-14-2020  23:24:49         PAGE  6


LOC  OBJECT CODE     LINE SOURCE TEXT
  VALUE

0082   0823           00227         MOVF    CONTADOR2,0
0083   2011           00228         CALL    TABLA1_2
0084   0087           00229         MOVWF   PORTC
0085   2074           00230         CALL    _retardo
0086   0AA1           00231         INCF    CONTADOR,1
0087   0AA3           00232         INCF    CONTADOR2,1
0088   2898           00233         goto    main
                      00234         
0089                  00235 Pos0:
0089   1885           00236         btfsc            PORTA,1                ;si es 0 brinca
008A   287E           00237         goto             m2_derecha              
008B   287F           00238         goto             m1_derecha
008C   2898           00239         goto             main
                      00240 
008D                  00241 m1_izquierda:
008D   0821           00242         MOVF    CONTADOR,0
008E   2004           00243         CALL    TABLA1
008F   0086           00244         MOVWF   PORTB
0090   0823           00245         MOVF    CONTADOR2,0
0091   2011           00246         CALL    TABLA1_2
0092   0087           00247         MOVWF   PORTC
0093   2074           00248         CALL    _retardo
0094   0AA1           00249         INCF    CONTADOR,1
0095   0AA3           00250         INCF    CONTADOR2,1
0096   2898           00251         goto main
                      00252 
0097                  00253 m2_izquierda:   
0097   2898           00254         goto main
                      00255 
0098                  00256 main
0098   1C05           00257         btfss            PORTA,0                ;Brinca si es 1
0099   2089           00258         call             Pos0    
009A   1C85           00259         btfss            PORTA,1                ;brinca si es 1;
009B   208D           00260         call             m1_izquierda
009C   2097           00261         call             m2_izquierda
                      00262         
009D   2898           00263         goto             main
                      00264         END 
MPASM  5.51                      PROYECT6.ASM   3-14-2020  23:24:49         PAGE  7


SYMBOL TABLE
  LABEL                             VALUE 

ABDEN                             00000000
ABDOVF                            00000007
ACKDT                             00000005
ACKEN                             00000004
ACKSTAT                           00000006
ADCON0                            0000001F
ADCON1                            0000009F
ADCS0                             00000006
ADCS1                             00000007
ADDEN                             00000003
ADFM                              00000007
ADIE                              00000006
ADIF                              00000006
ADON                              00000000
ADRESH                            0000001E
ADRESL                            0000009E
ANS0                              00000000
ANS1                              00000001
ANS10                             00000002
ANS11                             00000003
ANS12                             00000004
ANS13                             00000005
ANS2                              00000002
ANS3                              00000003
ANS4                              00000004
ANS5                              00000005
ANS6                              00000006
ANS7                              00000007
ANS8                              00000000
ANS9                              00000001
ANSEL                             00000188
ANSELH                            00000189
BAUDCTL                           00000187
BCLIE                             00000003
BCLIF                             00000003
BF                                00000000
BRG0                              00000000
BRG1                              00000001
BRG10                             00000002
BRG11                             00000003
BRG12                             00000004
BRG13                             00000005
BRG14                             00000006
BRG15                             00000007
BRG16                             00000003
BRG2                              00000002
BRG3                              00000003
BRG4                              00000004
BRG5                              00000005
BRG6                              00000006
BRG7                              00000007
BRG8                              00000000
BRG9                              00000001
MPASM  5.51                      PROYECT6.ASM   3-14-2020  23:24:49         PAGE  8


SYMBOL TABLE
  LABEL                             VALUE 

BRGH                              00000002
C                                 00000000
C1CH0                             00000000
C1CH1                             00000001
C1IE                              00000005
C1IF                              00000005
C1OE                              00000005
C1ON                              00000007
C1OUT                             00000006
C1POL                             00000004
C1R                               00000002
C1RSEL                            00000005
C1SEN                             00000005
C2CH0                             00000000
C2CH1                             00000001
C2IE                              00000006
C2IF                              00000006
C2OE                              00000005
C2ON                              00000007
C2OUT                             00000006
C2POL                             00000004
C2R                               00000002
C2REN                             00000004
C2RSEL                            00000004
C2SYNC                            00000000
CCP1CON                           00000017
CCP1IE                            00000002
CCP1IF                            00000002
CCP1M0                            00000000
CCP1M1                            00000001
CCP1M2                            00000002
CCP1M3                            00000003
CCP1X                             00000005
CCP1Y                             00000004
CCP2CON                           0000001D
CCP2IE                            00000000
CCP2IF                            00000000
CCP2M0                            00000000
CCP2M1                            00000001
CCP2M2                            00000002
CCP2M3                            00000003
CCP2X                             00000005
CCP2Y                             00000004
CCPR1                             00000015
CCPR1H                            00000016
CCPR1L                            00000015
CCPR2                             0000001B
CCPR2H                            0000001C
CCPR2L                            0000001B
CHS0                              00000002
CHS1                              00000003
CHS2                              00000004
CHS3                              00000005
MPASM  5.51                      PROYECT6.ASM   3-14-2020  23:24:49         PAGE  9


SYMBOL TABLE
  LABEL                             VALUE 

CKE                               00000006
CKP                               00000004
CM1CON0                           00000107
CM2CON0                           00000108
CM2CON1                           00000109
CONTA                             00000020
CONTADOR                          00000021
CONTADOR2                         00000023
CREN                              00000004
CSRC                              00000007
D                                 00000005
DATA_ADDRESS                      00000005
DC                                00000001
DC1B0                             00000004
DC1B1                             00000005
DC2B0                             00000004
DC2B1                             00000005
D_A                               00000005
D_NOT_A                           00000005
ECCPAS                            0000009C
ECCPAS0                           00000004
ECCPAS1                           00000005
ECCPAS2                           00000006
ECCPASE                           00000007
EEADR                             0000010D
EEADRH                            0000010F
EECON1                            0000018C
EECON2                            0000018D
EEDAT                             0000010C
EEDATA                            0000010C
EEDATH                            0000010E
EEIE                              00000004
EEIF                              00000004
EEPGD                             00000007
F                                 00000001
FERR                              00000002
FSR                               00000004
FVREN                             00000000
GCEN                              00000007
GIE                               00000007
GO                                00000001
GO_DONE                           00000001
GO_NOT_DONE                       00000001
HTS                               00000002
I2C_DATA                          00000005
I2C_READ                          00000002
I2C_START                         00000003
I2C_STOP                          00000004
INDF                              00000000
INTCON                            0000000B
INTE                              00000004
INTEDG                            00000006
INTF                              00000001
MPASM  5.51                      PROYECT6.ASM   3-14-2020  23:24:49         PAGE 10


SYMBOL TABLE
  LABEL                             VALUE 

IOCB                              00000096
IOCB0                             00000000
IOCB1                             00000001
IOCB2                             00000002
IOCB3                             00000003
IOCB4                             00000004
IOCB5                             00000005
IOCB6                             00000006
IOCB7                             00000007
IRCF0                             00000004
IRCF1                             00000005
IRCF2                             00000006
IRP                               00000007
J                                 00000080
K                                 00000081
L                                 00000082
LTS                               00000001
MC1OUT                            00000007
MC2OUT                            00000006
MSK                               00000093
MSK0                              00000000
MSK1                              00000001
MSK2                              00000002
MSK3                              00000003
MSK4                              00000004
MSK5                              00000005
MSK6                              00000006
MSK7                              00000007
NOT_A                             00000005
NOT_ADDRESS                       00000005
NOT_BO                            00000000
NOT_BOR                           00000000
NOT_DONE                          00000001
NOT_PD                            00000003
NOT_POR                           00000001
NOT_RBPU                          00000007
NOT_RC8                           00000006
NOT_T1SYNC                        00000002
NOT_TO                            00000004
NOT_TX8                           00000006
NOT_W                             00000002
NOT_WRITE                         00000002
OERR                              00000001
OPTION_REG                        00000081
OSCCON                            0000008F
OSCTUNE                           00000090
OSFIE                             00000007
OSFIF                             00000007
OSTS                              00000003
P                                 00000004
P1M0                              00000006
P1M1                              00000007
PCL                               00000002
MPASM  5.51                      PROYECT6.ASM   3-14-2020  23:24:49         PAGE 11


SYMBOL TABLE
  LABEL                             VALUE 

PCLATH                            0000000A
PCON                              0000008E
PDC0                              00000000
PDC1                              00000001
PDC2                              00000002
PDC3                              00000003
PDC4                              00000004
PDC5                              00000005
PDC6                              00000006
PEIE                              00000006
PEN                               00000002
PIE1                              0000008C
PIE2                              0000008D
PIR1                              0000000C
PIR2                              0000000D
PORTA                             00000005
PORTB                             00000006
PORTC                             00000007
PORTD                             00000008
PORTE                             00000009
PR2                               00000092
PRSEN                             00000007
PS0                               00000000
PS1                               00000001
PS2                               00000002
PSA                               00000003
PSSAC0                            00000002
PSSAC1                            00000003
PSSBD0                            00000000
PSSBD1                            00000001
PSTRCON                           0000009D
PULSR                             00000002
PULSS                             00000003
PWM1CON                           0000009B
Pos0                              00000089
R                                 00000002
RA0                               00000000
RA1                               00000001
RA2                               00000002
RA3                               00000003
RA4                               00000004
RA5                               00000005
RA6                               00000006
RA7                               00000007
RB0                               00000000
RB1                               00000001
RB2                               00000002
RB3                               00000003
RB4                               00000004
RB5                               00000005
RB6                               00000006
RB7                               00000007
RBIE                              00000003
MPASM  5.51                      PROYECT6.ASM   3-14-2020  23:24:49         PAGE 12


SYMBOL TABLE
  LABEL                             VALUE 

RBIF                              00000000
RC0                               00000000
RC1                               00000001
RC2                               00000002
RC3                               00000003
RC4                               00000004
RC5                               00000005
RC6                               00000006
RC7                               00000007
RC8_9                             00000006
RC9                               00000006
RCD8                              00000000
RCEN                              00000003
RCIDL                             00000006
RCIE                              00000005
RCIF                              00000005
RCREG                             0000001A
RCSTA                             00000018
RD                                00000000
RD0                               00000000
RD1                               00000001
RD2                               00000002
RD3                               00000003
RD4                               00000004
RD5                               00000005
RD6                               00000006
RD7                               00000007
RE0                               00000000
RE1                               00000001
RE2                               00000002
RE3                               00000003
READ_WRITE                        00000002
RP0                               00000005
RP1                               00000006
RSEN                              00000001
RX9                               00000006
RX9D                              00000000
R_NOT_W                           00000002
R_W                               00000002
S                                 00000003
SBOREN                            00000004
SCKP                              00000004
SCS                               00000000
SEN                               00000000
SENDB                             00000003
SMP                               00000007
SPBRG                             00000099
SPBRGH                            0000009A
SPEN                              00000007
SR0                               00000006
SR1                               00000007
SRCON                             00000185
SREN                              00000005
MPASM  5.51                      PROYECT6.ASM   3-14-2020  23:24:49         PAGE 13


SYMBOL TABLE
  LABEL                             VALUE 

SSPADD                            00000093
SSPBUF                            00000013
SSPCON                            00000014
SSPCON2                           00000091
SSPEN                             00000005
SSPIE                             00000003
SSPIF                             00000003
SSPM0                             00000000
SSPM1                             00000001
SSPM2                             00000002
SSPM3                             00000003
SSPMSK                            00000093
SSPOV                             00000006
SSPSTAT                           00000094
STATUS                            00000003
STRA                              00000000
STRB                              00000001
STRC                              00000002
STRD                              00000003
STRSYNC                           00000004
SWDTEN                            00000000
SYNC                              00000004
T0CS                              00000005
T0IE                              00000005
T0IF                              00000002
T0SE                              00000004
T1CKPS0                           00000004
T1CKPS1                           00000005
T1CON                             00000010
T1GINV                            00000007
T1GIV                             00000007
T1GSS                             00000001
T1INSYNC                          00000002
T1OSCEN                           00000003
T1SYNC                            00000002
T2CKPS0                           00000000
T2CKPS1                           00000001
T2CON                             00000012
TABLA1                            00000004
TABLA1_2                          00000011
TABLA2_1                          0000001E
TABLA2_2                          0000002D
TABLA3_1                          0000003C
TABLA3_2                          00000049
TABLA4_1                          00000056
TABLA4_2                          00000065
TMR0                              00000001
TMR0IE                            00000005
TMR0IF                            00000002
TMR1                              0000000E
TMR1CS                            00000001
TMR1GE                            00000006
TMR1H                             0000000F
MPASM  5.51                      PROYECT6.ASM   3-14-2020  23:24:49         PAGE 14


SYMBOL TABLE
  LABEL                             VALUE 

TMR1IE                            00000000
TMR1IF                            00000000
TMR1L                             0000000E
TMR1ON                            00000000
TMR2                              00000011
TMR2IE                            00000001
TMR2IF                            00000001
TMR2ON                            00000002
TOUTPS0                           00000003
TOUTPS1                           00000004
TOUTPS2                           00000005
TOUTPS3                           00000006
TRISA                             00000085
TRISA0                            00000000
TRISA1                            00000001
TRISA2                            00000002
TRISA3                            00000003
TRISA4                            00000004
TRISA5                            00000005
TRISA6                            00000006
TRISA7                            00000007
TRISB                             00000086
TRISB0                            00000000
TRISB1                            00000001
TRISB2                            00000002
TRISB3                            00000003
TRISB4                            00000004
TRISB5                            00000005
TRISB6                            00000006
TRISB7                            00000007
TRISC                             00000087
TRISC0                            00000000
TRISC1                            00000001
TRISC2                            00000002
TRISC3                            00000003
TRISC4                            00000004
TRISC5                            00000005
TRISC6                            00000006
TRISC7                            00000007
TRISD                             00000088
TRISD0                            00000000
TRISD1                            00000001
TRISD2                            00000002
TRISD3                            00000003
TRISD4                            00000004
TRISD5                            00000005
TRISD6                            00000006
TRISD7                            00000007
TRISE                             00000089
TRISE0                            00000000
TRISE1                            00000001
TRISE2                            00000002
TRISE3                            00000003
MPASM  5.51                      PROYECT6.ASM   3-14-2020  23:24:49         PAGE 15


SYMBOL TABLE
  LABEL                             VALUE 

TRMT                              00000001
TUN0                              00000000
TUN1                              00000001
TUN2                              00000002
TUN3                              00000003
TUN4                              00000004
TX8_9                             00000006
TX9                               00000006
TX9D                              00000000
TXD8                              00000000
TXEN                              00000005
TXIE                              00000004
TXIF                              00000004
TXREG                             00000019
TXSTA                             00000098
UA                                00000001
ULPWUE                            00000005
ULPWUIE                           00000002
ULPWUIF                           00000002
VCFG0                             00000004
VCFG1                             00000005
VR0                               00000000
VR1                               00000001
VR2                               00000002
VR3                               00000003
VRCON                             00000097
VREN                              00000007
VROE                              00000006
VRR                               00000005
VRSS                              00000004
W                                 00000000
WCOL                              00000007
WDTCON                            00000105
WDTPS0                            00000001
WDTPS1                            00000002
WDTPS2                            00000003
WDTPS3                            00000004
WPUB                              00000095
WPUB0                             00000000
WPUB1                             00000001
WPUB2                             00000002
WPUB3                             00000003
WPUB4                             00000004
WPUB5                             00000005
WPUB6                             00000006
WPUB7                             00000007
WR                                00000001
WREN                              00000002
WRERR                             00000003
WUE                               00000001
Z                                 00000002
_BOR21V                           00003EFF
_BOR40V                           00003FFF
MPASM  5.51                      PROYECT6.ASM   3-14-2020  23:24:49         PAGE 16


SYMBOL TABLE
  LABEL                             VALUE 

_BOR4V_BOR21V                     00003EFF
_BOR4V_BOR40V                     00003FFF
_BOREN_NSLEEP                     00003EFF
_BOREN_OFF                        00003CFF
_BOREN_ON                         00003FFF
_BOREN_SBODEN                     00003DFF
_BOR_NSLEEP                       00003EFF
_BOR_OFF                          00003CFF
_BOR_ON                           00003FFF
_BOR_SBODEN                       00003DFF
_CONFIG1                          00002007
_CONFIG2                          00002008
_CPD_OFF                          00003FFF
_CPD_ON                           00003F7F
_CP_OFF                           00003FFF
_CP_ON                            00003FBF
_DEBUG_OFF                        00003FFF
_DEBUG_ON                         00001FFF
_DEVID1                           00002006
_EC_OSC                           00003FFB
_EXTRC                            00003FFF
_EXTRCIO                          00003FFE
_EXTRC_OSC_CLKOUT                 00003FFF
_EXTRC_OSC_NOCLKOUT               00003FFE
_FCMEN_OFF                        000037FF
_FCMEN_ON                         00003FFF
_FOSC_EC                          00003FFB
_FOSC_EXTRC_CLKOUT                00003FFF
_FOSC_EXTRC_NOCLKOUT              00003FFE
_FOSC_HS                          00003FFA
_FOSC_INTRC_CLKOUT                00003FFD
_FOSC_INTRC_NOCLKOUT              00003FFC
_FOSC_LP                          00003FF8
_FOSC_XT                          00003FF9
_HS_OSC                           00003FFA
_IDLOC0                           00002000
_IDLOC1                           00002001
_IDLOC2                           00002002
_IDLOC3                           00002003
_IESO_OFF                         00003BFF
_IESO_ON                          00003FFF
_INTOSC                           00003FFD
_INTOSCIO                         00003FFC
_INTRC_OSC_CLKOUT                 00003FFD
_INTRC_OSC_NOCLKOUT               00003FFC
_LP_OSC                           00003FF8
_LVP_OFF                          00002FFF
_LVP_ON                           00003FFF
_MCLRE_OFF                        00003FDF
_MCLRE_ON                         00003FFF
_PWRTE_OFF                        00003FFF
_PWRTE_ON                         00003FEF
_WDTE_OFF                         00003FF7
MPASM  5.51                      PROYECT6.ASM   3-14-2020  23:24:49         PAGE 17


SYMBOL TABLE
  LABEL                             VALUE 

_WDTE_ON                          00003FFF
_WDT_OFF                          00003FF7
_WDT_ON                           00003FFF
_WRT_1FOURTH                      00003BFF
_WRT_256                          00003DFF
_WRT_HALF                         000039FF
_WRT_OFF                          00003FFF
_XT_OSC                           00003FF9
__16F887                          00000001
__DEBUG                           1
_espera                           00000079
_espera1                          00000076
_retardo                          00000074
m1_derecha                        0000007F
m1_izquierda                      0000008D
m2_derecha                        0000007E
m2_izquierda                      00000097
main                              00000098


MEMORY USAGE MAP ('X' = Used,  '-' = Unused)

0000 : XXXXXXXXXXXXXXXX XXXXXXXXXXXXXXXX XXXXXXXXXXXXXXXX XXXXXXXXXXXXXXXX
0040 : XXXXXXXXXXXXXXXX XXXXXXXXXXXXXXXX XXXXXXXXXXXXXXXX XXXXXXXXXXXXXXXX
0080 : XXXXXXXXXXXXXXXX XXXXXXXXXXXXXX-- ---------------- ----------------
2000 : -------XX------- ---------------- ---------------- ----------------

All other memory blocks unused.

Program Memory Words Used:   158
Program Memory Words Free:  8034


Errors   :    22
Warnings :     0 reported,     0 suppressed
Messages :     6 reported,     0 suppressed

