MPASM  5.51                    PRACTICA_6.ASM   6-15-2020  11:36:48         PAGE  1


LOC  OBJECT CODE     LINE SOURCE TEXT
  VALUE

                      00001 
                      00002 
                      00003         list            p=16f887        ; list directive to define processor
                      00004         #include        <p16f887.inc>   ; processor specific variable definitions
                      00001         LIST
                      00002 
                      00003 ;==========================================================================
                      00004 ;  MPASM PIC16F887 processor include
                      00005 ; 
                      00006 ;  (c) Copyright 1999-2013 Microchip Technology, All rights reserved
                      00007 ;==========================================================================
                      00008 
                      00809         LIST
                      00005 
                      00006 
                      00007 ; '__CONFIG' directive is used to embed configuration data within .asm file.
                      00008 ; The labels following the directive are located in the respective .inc file.
                      00009 ; See respective data sheet for additional information on configuration word.
                      00010 
2007   28E4           00011         __CONFIG    _CONFIG1, _LVP_OFF & _FCMEN_ON & _IESO_OFF & _BOR_OFF & _CPD_OFF & _CP_OFF & _MCLRE_
                            ON & _PWRTE_ON & _WDT_OFF & _INTRC_OSC_NOCLKOUT
2008   3EFF           00012         __CONFIG    _CONFIG2, _WRT_OFF & _BOR21V
                      00013 
                      00014 
                      00015 ;***** VARIABLE DEFINITIONS
                      00016 ;w_temp         EQU     0x7D            ; variable used for context saving
                      00017 ;status_temp    EQU     0x7E            ; variable used for context saving
                      00018 ;pclath_temp    EQU     0x7F            ; variable used for context saving
  00000020            00019 count           EQU     0x20
  00000021            00020 cont            EQU     0x21
  00000022            00021 aux             EQU     0X22
                      00022 
                      00023 ;**********************************************************************
                      00024 
Warning[205]: Found directive in column 1. (ORG)
0000                  00025 ORG     0x000             ; processor reset vector
0000   0000           00026                 nop
0001   2802           00027                 goto    INICIO    ; go to beginning of program
                      00028         
                      00029 ;CODIGO********************************************************
0002                  00030 INICIO
0002   1683           00031         bsf              STATUS,RP0             ;ACCESO AL BANCO 1
0003   1303           00032         bcf              STATUS,RP1
0004   30C0           00033         movlw            b'11000000'            ;CONFIGURO PORTA COMO ENTRADAS
Message[302]: Register in operand not in bank 0.  Ensure that bank bits are correct.
0005   0085           00034         movwf            TRISA  
Message[302]: Register in operand not in bank 0.  Ensure that bank bits are correct.
0006   0188           00035         clrf             TRISD                  ;CONFIGURO PORTD COMO SALIDA
0007   1703           00036         bsf              STATUS,RP1             ;ACCESO AL BANCO 3
Message[302]: Register in operand not in bank 0.  Ensure that bank bits are correct.
0008   0188           00037         clrf             ANSEL                  ;CONFIGURACION DE SALIDAS DIGITALES
Message[302]: Register in operand not in bank 0.  Ensure that bank bits are correct.
0009   0189           00038         clrf             ANSELH                 ;CONFIGURACION DE ENTRADAS DIGITALES
MPASM  5.51                    PRACTICA_6.ASM   6-15-2020  11:36:48         PAGE  2


LOC  OBJECT CODE     LINE SOURCE TEXT
  VALUE

000A   1283           00039         bcf              STATUS,RP0             ;ACCESO AL BANCO 0
000B   1303           00040         bcf              STATUS,RP1
                      00041         
000C   1683 1303      00042         BANKSEL OPTION_REG
000E   30C6           00043         MOVLW b'11000110' ;Configuraci?n del modulo TMR0
Message[302]: Register in operand not in bank 0.  Ensure that bank bits are correct.
000F   0081           00044         MOVWF OPTION_REG ;Preescaler = 128
                      00045         
0010   1303           00046         BCF STATUS, RP1
Message[302]: Register in operand not in bank 0.  Ensure that bank bits are correct.
0011   0186           00047         CLRF TRISB
Message[302]: Register in operand not in bank 0.  Ensure that bank bits are correct.
0012   0187           00048         CLRF TRISC
0013   1283           00049         BCF STATUS, RP0
0014   0186           00050         CLRF PORTB
0015   0187           00051         CLRF PORTC
0016   01A2           00052         CLRF aux
0017   01A0           00053         CLRF count
                      00054         
0018                  00055 RA0_0
0018   1885           00056         btfsc            PORTA,1                ;si es 0 brinca
0019   281C           00057         goto             M1_GIzq                 
001A   2828           00058         goto             M1_GDer
001B   284C           00059         goto             main
                      00060 
001C                  00061 M1_GIzq
001C   3001           00062         movlw           b'00000001'
001D   0088           00063         movwf           PORTD           
                      00064         
001E   0820           00065         MOVF    count,0
001F   2052           00066         CALL    tablaB
0020   0087           00067         MOVWF   PORTC
                      00068         
0021   0822           00069         MOVF    aux,0
0022   2064           00070         CALL    tablaD
0023   0086           00071         MOVWF   PORTB
                      00072         
                      00073         
0024   207E           00074         CALL    _retardo
0025   0AA0           00075         INCF    count,1
0026   0AA2           00076         INCF    aux,1
                      00077         
0027   284C           00078         goto            main
                      00079         
0028                  00080 M1_GDer 
                      00081         
0028   3002           00082         movlw           b'00000010'
0029   0088           00083         movwf           PORTD           
                      00084         
002A   0820           00085         MOVF    count,0
002B   2052           00086         CALL    tablaB
002C   0087           00087         MOVWF   PORTC
                      00088         
MPASM  5.51                    PRACTICA_6.ASM   6-15-2020  11:36:48         PAGE  3


LOC  OBJECT CODE     LINE SOURCE TEXT
  VALUE

002D   0822           00089         MOVF    aux,0
002E   2064           00090         CALL    tablaD
002F   0086           00091         MOVWF   PORTB
                      00092         
                      00093         
0030   207E           00094         CALL    _retardo
0031   0AA0           00095         INCF    count,1
0032   0AA2           00096         INCF    aux,1
                      00097         
0033   284C           00098         goto            main
                      00099         
0034                  00100 M2_GIzq 
                      00101         
0034   3004           00102         movlw           b'00000100'
0035   0088           00103         movwf           PORTD           
                      00104         
0036   0820           00105         MOVF    count,0
0037   2052           00106         CALL    tablaB
0038   0087           00107         MOVWF   PORTC
                      00108         
0039   0822           00109         MOVF    aux,0
003A   2064           00110         CALL    tablaD
003B   0086           00111         MOVWF   PORTB
                      00112         
                      00113         
003C   207E           00114         CALL    _retardo
003D   0AA0           00115         INCF    count,1
003E   0AA2           00116         INCF    aux,1
                      00117         
003F   284C           00118         goto            main
                      00119 
0040                  00120 M2_GDer 
                      00121         
0040   3008           00122         movlw           b'00001000'
0041   0088           00123         movwf           PORTD           
                      00124         
0042   0820           00125         MOVF    count,0
0043   2052           00126         CALL    tablaB
0044   0087           00127         MOVWF   PORTC
                      00128         
0045   0822           00129         MOVF    aux,0
0046   2064           00130         CALL    tablaD
0047   0086           00131         MOVWF   PORTB
                      00132         
                      00133         
0048   207E           00134         CALL    _retardo
0049   0AA0           00135         INCF    count,1
004A   0AA2           00136         INCF    aux,1
                      00137         
004B   284C           00138         goto            main
                      00139 
004C                  00140 main
004C   1C05           00141         btfss            PORTA,0                ;Brinca si es 1
MPASM  5.51                    PRACTICA_6.ASM   6-15-2020  11:36:48         PAGE  4


LOC  OBJECT CODE     LINE SOURCE TEXT
  VALUE

004D   2818           00142         goto             RA0_0    
004E   1C85           00143         btfss            PORTA,1                ;brinca si es 1;
004F   2840           00144         goto             M2_GDer                ;v a la XOR
0050   2834           00145         goto             M2_GIzq
                      00146         
                      00147         
0051   284C           00148         goto             main
                      00149         
0052                  00150 tablaB;a b e i j m n o r s t
0052   0782           00151         addwf PCL,F;
                      00152         ;DT b'01110000',b'11111100',b'10011110',b'00011100',b'11110010',b'11101110',b'00001010',b'011000
                            10',b'01100000',b'00101110',b'10011110',
                      00153         ;b'10110110',b'01100010',b'10011110',b'00111110',b'11101110',b'00101110',b'01110000'
0053   3400           00154         retlw b'00000000';abcdefg0
                      00155 
0054   34F3           00156         retlw b'11110011';A
0055   3400           00157         retlw b'00000000';X
0056   34CF           00158         retlw b'11001111';E
0057   340F           00159         retlw b'00001111';L
                      00160 
0058   34CF           00161         retlw b'11001111';E
0059   3478           00162         retlw b'01111000';D
005A   343F           00163         retlw b'00111111';U
005B   34F3           00164         retlw b'11110011';A
005C   34E3           00165         retlw b'11100011';R
005D   3478           00166         retlw b'01111000';D
005E   34FF           00167         retlw b'11111111';O
                      00168 
005F   34CC           00169         retlw b'11001100';I
0060   3400           00170         retlw b'00000000';V
0061   34F3           00171         retlw b'11110011';A
0062   3433           00172         retlw b'00110011';N
0063   2076           00173         call limpiar
                      00174         
0064                  00175 tablaD;a b e i j m n o r s t
0064   0782           00176         addwf PCL,F;
                      00177         ;DT b'01110000',b'11111100',b'10011110',b'00011100',b'11110010',b'11101110',b'00001010',b'011000
                            10',b'01100000',b'00101110',b'10011110',
                      00178         ;b'10110110',b'01100010',b'10011110',b'00111110',b'11101110',b'00101110',b'01110000'
0065   3400           00179         retlw b'00000000';abcdefg0
                      00180 
0066   3411           00181         retlw b'00010001';A
0067   34AA           00182         retlw b'10101010';X
0068   3411           00183         retlw b'00010001';E
0069   3400           00184         retlw b'00000000';L
                      00185         
006A   3411           00186         retlw b'00010001';E
006B   3444           00187         retlw b'01000100';D
006C   3400           00188         retlw b'00000000';U
006D   3411           00189         retlw b'00010001';A
006E   3419           00190         retlw b'00011001';R
006F   3444           00191         retlw b'01000100';D
0070   3400           00192         retlw b'00000000';O
MPASM  5.51                    PRACTICA_6.ASM   6-15-2020  11:36:48         PAGE  5


LOC  OBJECT CODE     LINE SOURCE TEXT
  VALUE

                      00193 
                      00194 
0071   3444           00195         retlw b'01000100';I
0072   34A0           00196         retlw b'10100000';V
0073   3411           00197         retlw b'00010001';A
0074   3488           00198         retlw b'10001000';N
0075   207A           00199         call limpiaraux
                      00200         
0076                  00201 limpiar
0076   01A0           00202         clrf    count
0077   3000           00203         movlw   d'0'
0078   0820           00204         MOVF    count,0
0079   0008           00205         return
                      00206         
007A                  00207 limpiaraux
007A   01A2           00208         clrf    aux
007B   3000           00209         movlw   d'0'
007C   0822           00210         MOVF    aux,0
007D   0008           00211         return
                      00212         
007E                  00213 _retardo ;T = 4 * Tosc * Valor de TMR0 * Preescaler
007E   3046           00214         MOVLW d'70' ;Cargar el valor de CONTA para 0.5 segundo (VALOR A MODIFICAR SI SE QUIERE MAYOR RET
                            ARDO)
007F   00A1           00215         MOVWF cont
0080                  00216 _espera1
0080   018B           00217         CLRF INTCON ;Deshabilitar interrupciones
0081   3064           00218         MOVLW d'100' ;Cargar el valor de TMR0 para 122 cuentas
0082   0081           00219         MOVWF TMR0 
0083                  00220 _espera
0083   1D0B           00221         btfss INTCON,T0IF ;Esperar desborde del TMR0
0084   2883           00222         GOTO _espera
Message[305]: Using default destination of 1 (file).
0085   0BA1           00223         DECFSZ cont ;Decrementar el registro CONTA hasta cero
0086   2880           00224         GOTO _espera1
0087   0008           00225         RETURN ;retorno de call
                      00226         
                      00227         
                      00228         END
MPASM  5.51                    PRACTICA_6.ASM   6-15-2020  11:36:48         PAGE  6


SYMBOL TABLE
  LABEL                             VALUE 

ABDEN                             00000000
ABDOVF                            00000007
ACKDT                             00000005
ACKEN                             00000004
ACKSTAT                           00000006
ADCON0                            0000001F
ADCON1                            0000009F
ADCS0                             00000006
ADCS1                             00000007
ADDEN                             00000003
ADFM                              00000007
ADIE                              00000006
ADIF                              00000006
ADON                              00000000
ADRESH                            0000001E
ADRESL                            0000009E
ANS0                              00000000
ANS1                              00000001
ANS10                             00000002
ANS11                             00000003
ANS12                             00000004
ANS13                             00000005
ANS2                              00000002
ANS3                              00000003
ANS4                              00000004
ANS5                              00000005
ANS6                              00000006
ANS7                              00000007
ANS8                              00000000
ANS9                              00000001
ANSEL                             00000188
ANSELH                            00000189
BAUDCTL                           00000187
BCLIE                             00000003
BCLIF                             00000003
BF                                00000000
BRG0                              00000000
BRG1                              00000001
BRG10                             00000002
BRG11                             00000003
BRG12                             00000004
BRG13                             00000005
BRG14                             00000006
BRG15                             00000007
BRG16                             00000003
BRG2                              00000002
BRG3                              00000003
BRG4                              00000004
BRG5                              00000005
BRG6                              00000006
BRG7                              00000007
BRG8                              00000000
BRG9                              00000001
MPASM  5.51                    PRACTICA_6.ASM   6-15-2020  11:36:48         PAGE  7


SYMBOL TABLE
  LABEL                             VALUE 

BRGH                              00000002
C                                 00000000
C1CH0                             00000000
C1CH1                             00000001
C1IE                              00000005
C1IF                              00000005
C1OE                              00000005
C1ON                              00000007
C1OUT                             00000006
C1POL                             00000004
C1R                               00000002
C1RSEL                            00000005
C1SEN                             00000005
C2CH0                             00000000
C2CH1                             00000001
C2IE                              00000006
C2IF                              00000006
C2OE                              00000005
C2ON                              00000007
C2OUT                             00000006
C2POL                             00000004
C2R                               00000002
C2REN                             00000004
C2RSEL                            00000004
C2SYNC                            00000000
CCP1CON                           00000017
CCP1IE                            00000002
CCP1IF                            00000002
CCP1M0                            00000000
CCP1M1                            00000001
CCP1M2                            00000002
CCP1M3                            00000003
CCP1X                             00000005
CCP1Y                             00000004
CCP2CON                           0000001D
CCP2IE                            00000000
CCP2IF                            00000000
CCP2M0                            00000000
CCP2M1                            00000001
CCP2M2                            00000002
CCP2M3                            00000003
CCP2X                             00000005
CCP2Y                             00000004
CCPR1                             00000015
CCPR1H                            00000016
CCPR1L                            00000015
CCPR2                             0000001B
CCPR2H                            0000001C
CCPR2L                            0000001B
CHS0                              00000002
CHS1                              00000003
CHS2                              00000004
CHS3                              00000005
MPASM  5.51                    PRACTICA_6.ASM   6-15-2020  11:36:48         PAGE  8


SYMBOL TABLE
  LABEL                             VALUE 

CKE                               00000006
CKP                               00000004
CM1CON0                           00000107
CM2CON0                           00000108
CM2CON1                           00000109
CREN                              00000004
CSRC                              00000007
D                                 00000005
DATA_ADDRESS                      00000005
DC                                00000001
DC1B0                             00000004
DC1B1                             00000005
DC2B0                             00000004
DC2B1                             00000005
D_A                               00000005
D_NOT_A                           00000005
ECCPAS                            0000009C
ECCPAS0                           00000004
ECCPAS1                           00000005
ECCPAS2                           00000006
ECCPASE                           00000007
EEADR                             0000010D
EEADRH                            0000010F
EECON1                            0000018C
EECON2                            0000018D
EEDAT                             0000010C
EEDATA                            0000010C
EEDATH                            0000010E
EEIE                              00000004
EEIF                              00000004
EEPGD                             00000007
F                                 00000001
FERR                              00000002
FSR                               00000004
FVREN                             00000000
GCEN                              00000007
GIE                               00000007
GO                                00000001
GO_DONE                           00000001
GO_NOT_DONE                       00000001
HTS                               00000002
I2C_DATA                          00000005
I2C_READ                          00000002
I2C_START                         00000003
I2C_STOP                          00000004
INDF                              00000000
INICIO                            00000002
INTCON                            0000000B
INTE                              00000004
INTEDG                            00000006
INTF                              00000001
IOCB                              00000096
IOCB0                             00000000
MPASM  5.51                    PRACTICA_6.ASM   6-15-2020  11:36:48         PAGE  9


SYMBOL TABLE
  LABEL                             VALUE 

IOCB1                             00000001
IOCB2                             00000002
IOCB3                             00000003
IOCB4                             00000004
IOCB5                             00000005
IOCB6                             00000006
IOCB7                             00000007
IRCF0                             00000004
IRCF1                             00000005
IRCF2                             00000006
IRP                               00000007
LTS                               00000001
M1_GDer                           00000028
M1_GIzq                           0000001C
M2_GDer                           00000040
M2_GIzq                           00000034
MC1OUT                            00000007
MC2OUT                            00000006
MSK                               00000093
MSK0                              00000000
MSK1                              00000001
MSK2                              00000002
MSK3                              00000003
MSK4                              00000004
MSK5                              00000005
MSK6                              00000006
MSK7                              00000007
NOT_A                             00000005
NOT_ADDRESS                       00000005
NOT_BO                            00000000
NOT_BOR                           00000000
NOT_DONE                          00000001
NOT_PD                            00000003
NOT_POR                           00000001
NOT_RBPU                          00000007
NOT_RC8                           00000006
NOT_T1SYNC                        00000002
NOT_TO                            00000004
NOT_TX8                           00000006
NOT_W                             00000002
NOT_WRITE                         00000002
OERR                              00000001
OPTION_REG                        00000081
OSCCON                            0000008F
OSCTUNE                           00000090
OSFIE                             00000007
OSFIF                             00000007
OSTS                              00000003
P                                 00000004
P1M0                              00000006
P1M1                              00000007
PCL                               00000002
PCLATH                            0000000A
MPASM  5.51                    PRACTICA_6.ASM   6-15-2020  11:36:48         PAGE 10


SYMBOL TABLE
  LABEL                             VALUE 

PCON                              0000008E
PDC0                              00000000
PDC1                              00000001
PDC2                              00000002
PDC3                              00000003
PDC4                              00000004
PDC5                              00000005
PDC6                              00000006
PEIE                              00000006
PEN                               00000002
PIE1                              0000008C
PIE2                              0000008D
PIR1                              0000000C
PIR2                              0000000D
PORTA                             00000005
PORTB                             00000006
PORTC                             00000007
PORTD                             00000008
PORTE                             00000009
PR2                               00000092
PRSEN                             00000007
PS0                               00000000
PS1                               00000001
PS2                               00000002
PSA                               00000003
PSSAC0                            00000002
PSSAC1                            00000003
PSSBD0                            00000000
PSSBD1                            00000001
PSTRCON                           0000009D
PULSR                             00000002
PULSS                             00000003
PWM1CON                           0000009B
R                                 00000002
RA0                               00000000
RA0_0                             00000018
RA1                               00000001
RA2                               00000002
RA3                               00000003
RA4                               00000004
RA5                               00000005
RA6                               00000006
RA7                               00000007
RB0                               00000000
RB1                               00000001
RB2                               00000002
RB3                               00000003
RB4                               00000004
RB5                               00000005
RB6                               00000006
RB7                               00000007
RBIE                              00000003
RBIF                              00000000
MPASM  5.51                    PRACTICA_6.ASM   6-15-2020  11:36:48         PAGE 11


SYMBOL TABLE
  LABEL                             VALUE 

RC0                               00000000
RC1                               00000001
RC2                               00000002
RC3                               00000003
RC4                               00000004
RC5                               00000005
RC6                               00000006
RC7                               00000007
RC8_9                             00000006
RC9                               00000006
RCD8                              00000000
RCEN                              00000003
RCIDL                             00000006
RCIE                              00000005
RCIF                              00000005
RCREG                             0000001A
RCSTA                             00000018
RD                                00000000
RD0                               00000000
RD1                               00000001
RD2                               00000002
RD3                               00000003
RD4                               00000004
RD5                               00000005
RD6                               00000006
RD7                               00000007
RE0                               00000000
RE1                               00000001
RE2                               00000002
RE3                               00000003
READ_WRITE                        00000002
RP0                               00000005
RP1                               00000006
RSEN                              00000001
RX9                               00000006
RX9D                              00000000
R_NOT_W                           00000002
R_W                               00000002
S                                 00000003
SBOREN                            00000004
SCKP                              00000004
SCS                               00000000
SEN                               00000000
SENDB                             00000003
SMP                               00000007
SPBRG                             00000099
SPBRGH                            0000009A
SPEN                              00000007
SR0                               00000006
SR1                               00000007
SRCON                             00000185
SREN                              00000005
SSPADD                            00000093
MPASM  5.51                    PRACTICA_6.ASM   6-15-2020  11:36:48         PAGE 12


SYMBOL TABLE
  LABEL                             VALUE 

SSPBUF                            00000013
SSPCON                            00000014
SSPCON2                           00000091
SSPEN                             00000005
SSPIE                             00000003
SSPIF                             00000003
SSPM0                             00000000
SSPM1                             00000001
SSPM2                             00000002
SSPM3                             00000003
SSPMSK                            00000093
SSPOV                             00000006
SSPSTAT                           00000094
STATUS                            00000003
STRA                              00000000
STRB                              00000001
STRC                              00000002
STRD                              00000003
STRSYNC                           00000004
SWDTEN                            00000000
SYNC                              00000004
T0CS                              00000005
T0IE                              00000005
T0IF                              00000002
T0SE                              00000004
T1CKPS0                           00000004
T1CKPS1                           00000005
T1CON                             00000010
T1GINV                            00000007
T1GIV                             00000007
T1GSS                             00000001
T1INSYNC                          00000002
T1OSCEN                           00000003
T1SYNC                            00000002
T2CKPS0                           00000000
T2CKPS1                           00000001
T2CON                             00000012
TMR0                              00000001
TMR0IE                            00000005
TMR0IF                            00000002
TMR1                              0000000E
TMR1CS                            00000001
TMR1GE                            00000006
TMR1H                             0000000F
TMR1IE                            00000000
TMR1IF                            00000000
TMR1L                             0000000E
TMR1ON                            00000000
TMR2                              00000011
TMR2IE                            00000001
TMR2IF                            00000001
TMR2ON                            00000002
TOUTPS0                           00000003
MPASM  5.51                    PRACTICA_6.ASM   6-15-2020  11:36:48         PAGE 13


SYMBOL TABLE
  LABEL                             VALUE 

TOUTPS1                           00000004
TOUTPS2                           00000005
TOUTPS3                           00000006
TRISA                             00000085
TRISA0                            00000000
TRISA1                            00000001
TRISA2                            00000002
TRISA3                            00000003
TRISA4                            00000004
TRISA5                            00000005
TRISA6                            00000006
TRISA7                            00000007
TRISB                             00000086
TRISB0                            00000000
TRISB1                            00000001
TRISB2                            00000002
TRISB3                            00000003
TRISB4                            00000004
TRISB5                            00000005
TRISB6                            00000006
TRISB7                            00000007
TRISC                             00000087
TRISC0                            00000000
TRISC1                            00000001
TRISC2                            00000002
TRISC3                            00000003
TRISC4                            00000004
TRISC5                            00000005
TRISC6                            00000006
TRISC7                            00000007
TRISD                             00000088
TRISD0                            00000000
TRISD1                            00000001
TRISD2                            00000002
TRISD3                            00000003
TRISD4                            00000004
TRISD5                            00000005
TRISD6                            00000006
TRISD7                            00000007
TRISE                             00000089
TRISE0                            00000000
TRISE1                            00000001
TRISE2                            00000002
TRISE3                            00000003
TRMT                              00000001
TUN0                              00000000
TUN1                              00000001
TUN2                              00000002
TUN3                              00000003
TUN4                              00000004
TX8_9                             00000006
TX9                               00000006
TX9D                              00000000
MPASM  5.51                    PRACTICA_6.ASM   6-15-2020  11:36:48         PAGE 14


SYMBOL TABLE
  LABEL                             VALUE 

TXD8                              00000000
TXEN                              00000005
TXIE                              00000004
TXIF                              00000004
TXREG                             00000019
TXSTA                             00000098
UA                                00000001
ULPWUE                            00000005
ULPWUIE                           00000002
ULPWUIF                           00000002
VCFG0                             00000004
VCFG1                             00000005
VR0                               00000000
VR1                               00000001
VR2                               00000002
VR3                               00000003
VRCON                             00000097
VREN                              00000007
VROE                              00000006
VRR                               00000005
VRSS                              00000004
W                                 00000000
WCOL                              00000007
WDTCON                            00000105
WDTPS0                            00000001
WDTPS1                            00000002
WDTPS2                            00000003
WDTPS3                            00000004
WPUB                              00000095
WPUB0                             00000000
WPUB1                             00000001
WPUB2                             00000002
WPUB3                             00000003
WPUB4                             00000004
WPUB5                             00000005
WPUB6                             00000006
WPUB7                             00000007
WR                                00000001
WREN                              00000002
WRERR                             00000003
WUE                               00000001
Z                                 00000002
_BOR21V                           00003EFF
_BOR40V                           00003FFF
_BOR4V_BOR21V                     00003EFF
_BOR4V_BOR40V                     00003FFF
_BOREN_NSLEEP                     00003EFF
_BOREN_OFF                        00003CFF
_BOREN_ON                         00003FFF
_BOREN_SBODEN                     00003DFF
_BOR_NSLEEP                       00003EFF
_BOR_OFF                          00003CFF
_BOR_ON                           00003FFF
MPASM  5.51                    PRACTICA_6.ASM   6-15-2020  11:36:48         PAGE 15


SYMBOL TABLE
  LABEL                             VALUE 

_BOR_SBODEN                       00003DFF
_CONFIG1                          00002007
_CONFIG2                          00002008
_CPD_OFF                          00003FFF
_CPD_ON                           00003F7F
_CP_OFF                           00003FFF
_CP_ON                            00003FBF
_DEBUG_OFF                        00003FFF
_DEBUG_ON                         00001FFF
_DEVID1                           00002006
_EC_OSC                           00003FFB
_EXTRC                            00003FFF
_EXTRCIO                          00003FFE
_EXTRC_OSC_CLKOUT                 00003FFF
_EXTRC_OSC_NOCLKOUT               00003FFE
_FCMEN_OFF                        000037FF
_FCMEN_ON                         00003FFF
_FOSC_EC                          00003FFB
_FOSC_EXTRC_CLKOUT                00003FFF
_FOSC_EXTRC_NOCLKOUT              00003FFE
_FOSC_HS                          00003FFA
_FOSC_INTRC_CLKOUT                00003FFD
_FOSC_INTRC_NOCLKOUT              00003FFC
_FOSC_LP                          00003FF8
_FOSC_XT                          00003FF9
_HS_OSC                           00003FFA
_IDLOC0                           00002000
_IDLOC1                           00002001
_IDLOC2                           00002002
_IDLOC3                           00002003
_IESO_OFF                         00003BFF
_IESO_ON                          00003FFF
_INTOSC                           00003FFD
_INTOSCIO                         00003FFC
_INTRC_OSC_CLKOUT                 00003FFD
_INTRC_OSC_NOCLKOUT               00003FFC
_LP_OSC                           00003FF8
_LVP_OFF                          00002FFF
_LVP_ON                           00003FFF
_MCLRE_OFF                        00003FDF
_MCLRE_ON                         00003FFF
_PWRTE_OFF                        00003FFF
_PWRTE_ON                         00003FEF
_WDTE_OFF                         00003FF7
_WDTE_ON                          00003FFF
_WDT_OFF                          00003FF7
_WDT_ON                           00003FFF
_WRT_1FOURTH                      00003BFF
_WRT_256                          00003DFF
_WRT_HALF                         000039FF
_WRT_OFF                          00003FFF
_XT_OSC                           00003FF9
__16F887                          00000001
MPASM  5.51                    PRACTICA_6.ASM   6-15-2020  11:36:48         PAGE 16


SYMBOL TABLE
  LABEL                             VALUE 

__DEBUG                           1
_espera                           00000083
_espera1                          00000080
_retardo                          0000007E
aux                               00000022
cont                              00000021
count                             00000020
limpiar                           00000076
limpiaraux                        0000007A
main                              0000004C
tablaB                            00000052
tablaD                            00000064


MEMORY USAGE MAP ('X' = Used,  '-' = Unused)

0000 : XXXXXXXXXXXXXXXX XXXXXXXXXXXXXXXX XXXXXXXXXXXXXXXX XXXXXXXXXXXXXXXX
0040 : XXXXXXXXXXXXXXXX XXXXXXXXXXXXXXXX XXXXXXXXXXXXXXXX XXXXXXXXXXXXXXXX
0080 : XXXXXXXX-------- ---------------- ---------------- ----------------
2000 : -------XX------- ---------------- ---------------- ----------------

All other memory blocks unused.

Program Memory Words Used:   136
Program Memory Words Free:  8056


Errors   :     0
Warnings :     1 reported,     0 suppressed
Messages :     8 reported,     0 suppressed

