MPASM  5.51                         LAB09.ASM   6-11-2020  22:14:10         PAGE  1


LOC  OBJECT CODE     LINE SOURCE TEXT
  VALUE

                      00001 
                      00002         list            p=16f887        
                      00003         #include        <p16f887.inc>   
                      00001         LIST
                      00002 
                      00003 ;==========================================================================
                      00004 ;  MPASM PIC16F887 processor include
                      00005 ; 
                      00006 ;  (c) Copyright 1999-2013 Microchip Technology, All rights reserved
                      00007 ;==========================================================================
                      00008 
                      00809         LIST
                      00004 
                      00005 
                      00006 
                      00007 ; '__CONFIG' directive is used to embed configuration data within .asm file.
                      00008 ; The labels following the directive are located in the respective .inc file.
                      00009 ; See respective data sheet for additional information on configuration word.
                      00010 
2007   28E4           00011         __CONFIG    _CONFIG1, _LVP_OFF & _FCMEN_ON & _IESO_OFF & _BOR_OFF & _CPD_OFF & _CP_OFF & _MCLRE_
                            ON & _PWRTE_ON & _WDT_OFF & _INTRC_OSC_NOCLKOUT
2008   3EFF           00012         __CONFIG    _CONFIG2, _WRT_OFF & _BOR21V
                      00013 
                      00014 
                      00015 
                      00016 ;***** VARIABLE DEFINITIONS
  00000030            00017 Val1 equ 0x30
  00000031            00018 Val2 equ 0x31 
                      00019 
                      00020         ORG     0             
0000   2???           00021         GOTO   MAIN              
                      00022         ORG     5
                      00023 
                      00024 
0005                  00025 MAIN;configuraciOn de puertos B y D como salida
0005   0186           00026         CLRF    PORTB
0006   0188           00027         CLRF    PORTD
0007   1683           00028         BSF     STATUS,RP0
0008   1303           00029         BCF     STATUS,RP1
Message[302]: Register in operand not in bank 0.  Ensure that bank bits are correct.
0009   0188           00030         CLRF    TRISD
Message[302]: Register in operand not in bank 0.  Ensure that bank bits are correct.
000A   0186           00031         CLRF    TRISB
000B   1283           00032         BCF     STATUS,RP0
                      00033         
000C                  00034 INICIO
000C   2???           00035         CALL    Conf1   ;configuramos el lcd
000D   2???           00036         CALL    MENSAJE1                ;escribimos en la parte de MENSAJE1
000E   2???           00037         CALL    Conf2   ;configuramos la linea de MENSAJE2
000F   2???           00038         CALL    MENSAJE2                ;escribimos en la linea de MENSAJE2
0010   2???           00039         GOTO    INICIO          ;repetimos
                      00040         
0011                  00041 MENSAJE1 ;mensaje lcd MENSAJE1
MPASM  5.51                         LAB09.ASM   6-11-2020  22:14:10         PAGE  2


LOC  OBJECT CODE     LINE SOURCE TEXT
  VALUE

0011   302A           00042         MOVLW   '*'
0012   0086           00043         MOVWF   PORTB
0013   2???           00044         CALL    Envia
0014   302A           00045         MOVLW   '*'
0015   0086           00046         MOVWF   PORTB
0016   2???           00047         CALL    Envia
0017   302A           00048         MOVLW   '*'
0018   0086           00049         MOVWF   PORTB
0019   2???           00050         CALL    Envia
001A   3045           00051         MOVLW   'E'
001B   0086           00052         MOVWF   PORTB
001C   2???           00053         CALL    Envia
001D   3064           00054         MOVLW   'd'
001E   0086           00055         MOVWF   PORTB
001F   2???           00056         CALL    Envia
0020   3075           00057         MOVLW   'u'
0021   0086           00058         MOVWF   PORTB
0022   2???           00059         CALL    Envia
0023   3061           00060         MOVLW   'a'
0024   0086           00061         MOVWF   PORTB
0025   2???           00062         CALL    Envia
0026   3072           00063         MOVLW   'r'
0027   0086           00064         MOVWF   PORTB
0028   2???           00065         CALL    Envia
0029   3064           00066         MOVLW   'd'
002A   0086           00067         MOVWF   PORTB
002B   2???           00068         CALL    Envia
002C   306F           00069         MOVLW   'o'
002D   0086           00070         MOVWF   PORTB
002E   2???           00071         CALL    Envia
002F   302A           00072         MOVLW   '*'
0030   0086           00073         MOVWF   PORTB
0031   2???           00074         CALL    Envia
0032   302A           00075         MOVLW   '*'
0033   0086           00076         MOVWF   PORTB
0034   2???           00077         CALL    Envia
0035   302A           00078         MOVLW   '*'
0036   0086           00079         MOVWF   PORTB
0037   2???           00080         CALL    Envia
0038   0008           00081         RETURN
                      00082         
0039                  00083 MENSAJE2 ;mensaje lcd MENSAJE2
0039   302A           00084         MOVLW   '*'
003A   0086           00085         MOVWF   PORTB
003B   2???           00086         CALL    Envia
003C   302A           00087         MOVLW   '*'
003D   0086           00088         MOVWF   PORTB
003E   2???           00089         CALL    Envia
003F   302A           00090         MOVLW   '*'
0040   0086           00091         MOVWF   PORTB
0041   2???           00092         CALL    Envia
0042   3049           00093         MOVLW 'I'
0043   0086           00094         MOVWF PORTB
MPASM  5.51                         LAB09.ASM   6-11-2020  22:14:10         PAGE  3


LOC  OBJECT CODE     LINE SOURCE TEXT
  VALUE

0044   2???           00095         CALL Envia
0045   3076           00096         MOVLW 'v'
0046   0086           00097         MOVWF PORTB
0047   2???           00098         CALL Envia
0048   3061           00099         MOVLW 'a'
0049   0086           00100         MOVWF PORTB
004A   2???           00101         CALL Envia
004B   306E           00102         MOVLW 'n'
004C   0086           00103         MOVWF PORTB
004D   2???           00104         CALL Envia
004E   302A           00105         MOVLW '*'
004F   0086           00106         MOVWF PORTB
0050   2???           00107         CALL Envia
0051   302A           00108         MOVLW   '*'
0052   0086           00109         MOVWF   PORTB
0053   2???           00110         CALL    Envia
0054   302A           00111         MOVLW   '*'
0055   0086           00112         MOVWF   PORTB
0056   2???           00113         CALL    Envia
0057   3041           00114         MOVLW 'A'
0058   0086           00115         MOVWF PORTB
0059   2???           00116         CALL Envia
005A   3078           00117         MOVLW 'x'
005B   0086           00118         MOVWF PORTB
005C   2???           00119         CALL Envia
005D   3065           00120         MOVLW 'e'
005E   0086           00121         MOVWF PORTB
005F   2???           00122         CALL Envia
0060   306C           00123         MOVLW 'l'
0061   0086           00124         MOVWF PORTB
0062   2???           00125         CALL Envia
0063   302A           00126         MOVLW   '*'
0064   0086           00127         MOVWF   PORTB
0065   2???           00128         CALL    Envia
0066   302A           00129         MOVLW   '*'
0067   0086           00130         MOVWF   PORTB
0068   2???           00131         CALL    Envia
0069   0008           00132         RETURN
                      00133         
                      00134         
006A                  00135 Conf1
006A   1008           00136         BCF     PORTD,0      ; RS=0 MODO INSTRUCCION
006B   3001           00137         MOVLW   0x01         ; El comando 0x01 limpia la pantalla en el LCD
006C   0086           00138         MOVWF   PORTB
006D   2???           00139         CALL    LCD_Comando  ; Se da de alta el comando
006E   300C           00140         MOVLW   0x0C         ; Selecciona la primera l?nea
006F   0086           00141         MOVWF   PORTB
0070   2???           00142         CALL    LCD_Comando  ; Se da de alta el comando
0071   303C           00143         MOVLW   0x3C         ; Se configura el cursor
0072   0086           00144         MOVWF   PORTB
0073   2???           00145         CALL    LCD_Comando  ; Se da de alta el comando
0074   1408           00146         BSF     PORTD, 0     ; Rs=1 MODO DATO
0075   0008           00147         RETURN
MPASM  5.51                         LAB09.ASM   6-11-2020  22:14:10         PAGE  4


LOC  OBJECT CODE     LINE SOURCE TEXT
  VALUE

                      00148 
0076                  00149 LCD_Comando
0076   1488           00150         BSF PORTD,1     ; Pone la ENABLE en 1
0077   2???           00151         CALL DELAY      ; Tiempo de espera
0078   2???           00152         CALL DELAY
0079   1088           00153         BCF PORTD, 1    ; ENABLE=0    
007A   2???           00154         CALL DELAY
007B   0008           00155         RETURN     
                      00156 
007C                  00157 Envia;ENVIAMOS UN DATO
007C   1408           00158         BSF PORTD,0         ; RS=1 MODO DATO
007D   2???           00159         CALL LCD_Comando    ; Se da de alta el comando
007E   0008           00160         RETURN
                      00161         
007F                  00162 Conf2;CONFIGURACION DE LA LINEA 2 DEL LCD
007F   1008           00163         BCF     PORTD, 0    ; RS=0 MODO INSTRUCCION
0080   30C0           00164         MOVLW   0xc0        ; Selecciona linea 2 pantalla en el LCD
0081   0086           00165         MOVWF   PORTB
0082   2???           00166         CALL    LCD_Comando    ; Se da de alta el comando
0083   0008           00167         RETURN
                      00168     ; Subrutina de retardo
0084                  00169 DELAY           
0084   30FF           00170         MOVLW .255
0085   00B1           00171         MOVWF Val2 
                      00172         
0086                  00173 Lazo
0086   30FF           00174         MOVLW .255
0087   00B0           00175         MOVWF Val1
0088                  00176 Lazo2
0088   0BB0           00177         DECFSZ Val1,1
0089   2???           00178         GOTO Lazo2
008A   0BB1           00179         DECFSZ Val2,1
008B   2???           00180         GOTO Lazo
008C   0008           00181         RETURN
                      00182         
                      00183 
28E4 3EFF             00184     END
MPASM  5.51                         LAB09.ASM   6-11-2020  22:14:10         PAGE  5


SYMBOL TABLE
  LABEL                             VALUE 

ABDEN                             00000000
ABDOVF                            00000007
ACKDT                             00000005
ACKEN                             00000004
ACKSTAT                           00000006
ADCON0                            0000001F
ADCON1                            0000009F
ADCS0                             00000006
ADCS1                             00000007
ADDEN                             00000003
ADFM                              00000007
ADIE                              00000006
ADIF                              00000006
ADON                              00000000
ADRESH                            0000001E
ADRESL                            0000009E
ANS0                              00000000
ANS1                              00000001
ANS10                             00000002
ANS11                             00000003
ANS12                             00000004
ANS13                             00000005
ANS2                              00000002
ANS3                              00000003
ANS4                              00000004
ANS5                              00000005
ANS6                              00000006
ANS7                              00000007
ANS8                              00000000
ANS9                              00000001
ANSEL                             00000188
ANSELH                            00000189
BAUDCTL                           00000187
BCLIE                             00000003
BCLIF                             00000003
BF                                00000000
BRG0                              00000000
BRG1                              00000001
BRG10                             00000002
BRG11                             00000003
BRG12                             00000004
BRG13                             00000005
BRG14                             00000006
BRG15                             00000007
BRG16                             00000003
BRG2                              00000002
BRG3                              00000003
BRG4                              00000004
BRG5                              00000005
BRG6                              00000006
BRG7                              00000007
BRG8                              00000000
BRG9                              00000001
MPASM  5.51                         LAB09.ASM   6-11-2020  22:14:10         PAGE  6


SYMBOL TABLE
  LABEL                             VALUE 

BRGH                              00000002
C                                 00000000
C1CH0                             00000000
C1CH1                             00000001
C1IE                              00000005
C1IF                              00000005
C1OE                              00000005
C1ON                              00000007
C1OUT                             00000006
C1POL                             00000004
C1R                               00000002
C1RSEL                            00000005
C1SEN                             00000005
C2CH0                             00000000
C2CH1                             00000001
C2IE                              00000006
C2IF                              00000006
C2OE                              00000005
C2ON                              00000007
C2OUT                             00000006
C2POL                             00000004
C2R                               00000002
C2REN                             00000004
C2RSEL                            00000004
C2SYNC                            00000000
CCP1CON                           00000017
CCP1IE                            00000002
CCP1IF                            00000002
CCP1M0                            00000000
CCP1M1                            00000001
CCP1M2                            00000002
CCP1M3                            00000003
CCP1X                             00000005
CCP1Y                             00000004
CCP2CON                           0000001D
CCP2IE                            00000000
CCP2IF                            00000000
CCP2M0                            00000000
CCP2M1                            00000001
CCP2M2                            00000002
CCP2M3                            00000003
CCP2X                             00000005
CCP2Y                             00000004
CCPR1                             00000015
CCPR1H                            00000016
CCPR1L                            00000015
CCPR2                             0000001B
CCPR2H                            0000001C
CCPR2L                            0000001B
CHS0                              00000002
CHS1                              00000003
CHS2                              00000004
CHS3                              00000005
MPASM  5.51                         LAB09.ASM   6-11-2020  22:14:10         PAGE  7


SYMBOL TABLE
  LABEL                             VALUE 

CKE                               00000006
CKP                               00000004
CM1CON0                           00000107
CM2CON0                           00000108
CM2CON1                           00000109
CREN                              00000004
CSRC                              00000007
Conf1                             0000006A
Conf2                             0000007F
D                                 00000005
DATA_ADDRESS                      00000005
DC                                00000001
DC1B0                             00000004
DC1B1                             00000005
DC2B0                             00000004
DC2B1                             00000005
DELAY                             00000084
D_A                               00000005
D_NOT_A                           00000005
ECCPAS                            0000009C
ECCPAS0                           00000004
ECCPAS1                           00000005
ECCPAS2                           00000006
ECCPASE                           00000007
EEADR                             0000010D
EEADRH                            0000010F
EECON1                            0000018C
EECON2                            0000018D
EEDAT                             0000010C
EEDATA                            0000010C
EEDATH                            0000010E
EEIE                              00000004
EEIF                              00000004
EEPGD                             00000007
Envia                             0000007C
F                                 00000001
FERR                              00000002
FSR                               00000004
FVREN                             00000000
GCEN                              00000007
GIE                               00000007
GO                                00000001
GO_DONE                           00000001
GO_NOT_DONE                       00000001
HTS                               00000002
I2C_DATA                          00000005
I2C_READ                          00000002
I2C_START                         00000003
I2C_STOP                          00000004
INDF                              00000000
INICIO                            0000000C
INTCON                            0000000B
INTE                              00000004
MPASM  5.51                         LAB09.ASM   6-11-2020  22:14:10         PAGE  8


SYMBOL TABLE
  LABEL                             VALUE 

INTEDG                            00000006
INTF                              00000001
IOCB                              00000096
IOCB0                             00000000
IOCB1                             00000001
IOCB2                             00000002
IOCB3                             00000003
IOCB4                             00000004
IOCB5                             00000005
IOCB6                             00000006
IOCB7                             00000007
IRCF0                             00000004
IRCF1                             00000005
IRCF2                             00000006
IRP                               00000007
LCD_Comando                       00000076
LTS                               00000001
Lazo                              00000086
Lazo2                             00000088
MAIN                              00000005
MC1OUT                            00000007
MC2OUT                            00000006
MENSAJE1                          00000011
MENSAJE2                          00000039
MSK                               00000093
MSK0                              00000000
MSK1                              00000001
MSK2                              00000002
MSK3                              00000003
MSK4                              00000004
MSK5                              00000005
MSK6                              00000006
MSK7                              00000007
NOT_A                             00000005
NOT_ADDRESS                       00000005
NOT_BO                            00000000
NOT_BOR                           00000000
NOT_DONE                          00000001
NOT_PD                            00000003
NOT_POR                           00000001
NOT_RBPU                          00000007
NOT_RC8                           00000006
NOT_T1SYNC                        00000002
NOT_TO                            00000004
NOT_TX8                           00000006
NOT_W                             00000002
NOT_WRITE                         00000002
OERR                              00000001
OPTION_REG                        00000081
OSCCON                            0000008F
OSCTUNE                           00000090
OSFIE                             00000007
OSFIF                             00000007
MPASM  5.51                         LAB09.ASM   6-11-2020  22:14:10         PAGE  9


SYMBOL TABLE
  LABEL                             VALUE 

OSTS                              00000003
P                                 00000004
P1M0                              00000006
P1M1                              00000007
PCL                               00000002
PCLATH                            0000000A
PCON                              0000008E
PDC0                              00000000
PDC1                              00000001
PDC2                              00000002
PDC3                              00000003
PDC4                              00000004
PDC5                              00000005
PDC6                              00000006
PEIE                              00000006
PEN                               00000002
PIE1                              0000008C
PIE2                              0000008D
PIR1                              0000000C
PIR2                              0000000D
PORTA                             00000005
PORTB                             00000006
PORTC                             00000007
PORTD                             00000008
PORTE                             00000009
PR2                               00000092
PRSEN                             00000007
PS0                               00000000
PS1                               00000001
PS2                               00000002
PSA                               00000003
PSSAC0                            00000002
PSSAC1                            00000003
PSSBD0                            00000000
PSSBD1                            00000001
PSTRCON                           0000009D
PULSR                             00000002
PULSS                             00000003
PWM1CON                           0000009B
R                                 00000002
RA0                               00000000
RA1                               00000001
RA2                               00000002
RA3                               00000003
RA4                               00000004
RA5                               00000005
RA6                               00000006
RA7                               00000007
RB0                               00000000
RB1                               00000001
RB2                               00000002
RB3                               00000003
RB4                               00000004
MPASM  5.51                         LAB09.ASM   6-11-2020  22:14:10         PAGE 10


SYMBOL TABLE
  LABEL                             VALUE 

RB5                               00000005
RB6                               00000006
RB7                               00000007
RBIE                              00000003
RBIF                              00000000
RC0                               00000000
RC1                               00000001
RC2                               00000002
RC3                               00000003
RC4                               00000004
RC5                               00000005
RC6                               00000006
RC7                               00000007
RC8_9                             00000006
RC9                               00000006
RCD8                              00000000
RCEN                              00000003
RCIDL                             00000006
RCIE                              00000005
RCIF                              00000005
RCREG                             0000001A
RCSTA                             00000018
RD                                00000000
RD0                               00000000
RD1                               00000001
RD2                               00000002
RD3                               00000003
RD4                               00000004
RD5                               00000005
RD6                               00000006
RD7                               00000007
RE0                               00000000
RE1                               00000001
RE2                               00000002
RE3                               00000003
READ_WRITE                        00000002
RP0                               00000005
RP1                               00000006
RSEN                              00000001
RX9                               00000006
RX9D                              00000000
R_NOT_W                           00000002
R_W                               00000002
S                                 00000003
SBOREN                            00000004
SCKP                              00000004
SCS                               00000000
SEN                               00000000
SENDB                             00000003
SMP                               00000007
SPBRG                             00000099
SPBRGH                            0000009A
SPEN                              00000007
MPASM  5.51                         LAB09.ASM   6-11-2020  22:14:10         PAGE 11


SYMBOL TABLE
  LABEL                             VALUE 

SR0                               00000006
SR1                               00000007
SRCON                             00000185
SREN                              00000005
SSPADD                            00000093
SSPBUF                            00000013
SSPCON                            00000014
SSPCON2                           00000091
SSPEN                             00000005
SSPIE                             00000003
SSPIF                             00000003
SSPM0                             00000000
SSPM1                             00000001
SSPM2                             00000002
SSPM3                             00000003
SSPMSK                            00000093
SSPOV                             00000006
SSPSTAT                           00000094
STATUS                            00000003
STRA                              00000000
STRB                              00000001
STRC                              00000002
STRD                              00000003
STRSYNC                           00000004
SWDTEN                            00000000
SYNC                              00000004
T0CS                              00000005
T0IE                              00000005
T0IF                              00000002
T0SE                              00000004
T1CKPS0                           00000004
T1CKPS1                           00000005
T1CON                             00000010
T1GINV                            00000007
T1GIV                             00000007
T1GSS                             00000001
T1INSYNC                          00000002
T1OSCEN                           00000003
T1SYNC                            00000002
T2CKPS0                           00000000
T2CKPS1                           00000001
T2CON                             00000012
TMR0                              00000001
TMR0IE                            00000005
TMR0IF                            00000002
TMR1                              0000000E
TMR1CS                            00000001
TMR1GE                            00000006
TMR1H                             0000000F
TMR1IE                            00000000
TMR1IF                            00000000
TMR1L                             0000000E
TMR1ON                            00000000
MPASM  5.51                         LAB09.ASM   6-11-2020  22:14:10         PAGE 12


SYMBOL TABLE
  LABEL                             VALUE 

TMR2                              00000011
TMR2IE                            00000001
TMR2IF                            00000001
TMR2ON                            00000002
TOUTPS0                           00000003
TOUTPS1                           00000004
TOUTPS2                           00000005
TOUTPS3                           00000006
TRISA                             00000085
TRISA0                            00000000
TRISA1                            00000001
TRISA2                            00000002
TRISA3                            00000003
TRISA4                            00000004
TRISA5                            00000005
TRISA6                            00000006
TRISA7                            00000007
TRISB                             00000086
TRISB0                            00000000
TRISB1                            00000001
TRISB2                            00000002
TRISB3                            00000003
TRISB4                            00000004
TRISB5                            00000005
TRISB6                            00000006
TRISB7                            00000007
TRISC                             00000087
TRISC0                            00000000
TRISC1                            00000001
TRISC2                            00000002
TRISC3                            00000003
TRISC4                            00000004
TRISC5                            00000005
TRISC6                            00000006
TRISC7                            00000007
TRISD                             00000088
TRISD0                            00000000
TRISD1                            00000001
TRISD2                            00000002
TRISD3                            00000003
TRISD4                            00000004
TRISD5                            00000005
TRISD6                            00000006
TRISD7                            00000007
TRISE                             00000089
TRISE0                            00000000
TRISE1                            00000001
TRISE2                            00000002
TRISE3                            00000003
TRMT                              00000001
TUN0                              00000000
TUN1                              00000001
TUN2                              00000002
MPASM  5.51                         LAB09.ASM   6-11-2020  22:14:10         PAGE 13


SYMBOL TABLE
  LABEL                             VALUE 

TUN3                              00000003
TUN4                              00000004
TX8_9                             00000006
TX9                               00000006
TX9D                              00000000
TXD8                              00000000
TXEN                              00000005
TXIE                              00000004
TXIF                              00000004
TXREG                             00000019
TXSTA                             00000098
UA                                00000001
ULPWUE                            00000005
ULPWUIE                           00000002
ULPWUIF                           00000002
VCFG0                             00000004
VCFG1                             00000005
VR0                               00000000
VR1                               00000001
VR2                               00000002
VR3                               00000003
VRCON                             00000097
VREN                              00000007
VROE                              00000006
VRR                               00000005
VRSS                              00000004
Val1                              00000030
Val2                              00000031
W                                 00000000
WCOL                              00000007
WDTCON                            00000105
WDTPS0                            00000001
WDTPS1                            00000002
WDTPS2                            00000003
WDTPS3                            00000004
WPUB                              00000095
WPUB0                             00000000
WPUB1                             00000001
WPUB2                             00000002
WPUB3                             00000003
WPUB4                             00000004
WPUB5                             00000005
WPUB6                             00000006
WPUB7                             00000007
WR                                00000001
WREN                              00000002
WRERR                             00000003
WUE                               00000001
Z                                 00000002
_BOR21V                           00003EFF
_BOR40V                           00003FFF
_BOR4V_BOR21V                     00003EFF
_BOR4V_BOR40V                     00003FFF
MPASM  5.51                         LAB09.ASM   6-11-2020  22:14:10         PAGE 14


SYMBOL TABLE
  LABEL                             VALUE 

_BOREN_NSLEEP                     00003EFF
_BOREN_OFF                        00003CFF
_BOREN_ON                         00003FFF
_BOREN_SBODEN                     00003DFF
_BOR_NSLEEP                       00003EFF
_BOR_OFF                          00003CFF
_BOR_ON                           00003FFF
_BOR_SBODEN                       00003DFF
_CONFIG1                          00002007
_CONFIG2                          00002008
_CPD_OFF                          00003FFF
_CPD_ON                           00003F7F
_CP_OFF                           00003FFF
_CP_ON                            00003FBF
_DEBUG_OFF                        00003FFF
_DEBUG_ON                         00001FFF
_DEVID1                           00002006
_EC_OSC                           00003FFB
_EXTRC                            00003FFF
_EXTRCIO                          00003FFE
_EXTRC_OSC_CLKOUT                 00003FFF
_EXTRC_OSC_NOCLKOUT               00003FFE
_FCMEN_OFF                        000037FF
_FCMEN_ON                         00003FFF
_FOSC_EC                          00003FFB
_FOSC_EXTRC_CLKOUT                00003FFF
_FOSC_EXTRC_NOCLKOUT              00003FFE
_FOSC_HS                          00003FFA
_FOSC_INTRC_CLKOUT                00003FFD
_FOSC_INTRC_NOCLKOUT              00003FFC
_FOSC_LP                          00003FF8
_FOSC_XT                          00003FF9
_HS_OSC                           00003FFA
_IDLOC0                           00002000
_IDLOC1                           00002001
_IDLOC2                           00002002
_IDLOC3                           00002003
_IESO_OFF                         00003BFF
_IESO_ON                          00003FFF
_INTOSC                           00003FFD
_INTOSCIO                         00003FFC
_INTRC_OSC_CLKOUT                 00003FFD
_INTRC_OSC_NOCLKOUT               00003FFC
_LP_OSC                           00003FF8
_LVP_OFF                          00002FFF
_LVP_ON                           00003FFF
_MCLRE_OFF                        00003FDF
_MCLRE_ON                         00003FFF
_PWRTE_OFF                        00003FFF
_PWRTE_ON                         00003FEF
_WDTE_OFF                         00003FF7
_WDTE_ON                          00003FFF
_WDT_OFF                          00003FF7
MPASM  5.51                         LAB09.ASM   6-11-2020  22:14:10         PAGE 15


SYMBOL TABLE
  LABEL                             VALUE 

_WDT_ON                           00003FFF
_WRT_1FOURTH                      00003BFF
_WRT_256                          00003DFF
_WRT_HALF                         000039FF
_WRT_OFF                          00003FFF
_XT_OSC                           00003FF9
__16F887                          00000001
__DEBUG                           1

Errors   :     0
Warnings :     0 reported,     0 suppressed
Messages :     2 reported,     0 suppressed

