MPASM  5.51                         LAB06.ASM   3-13-2020  13:52:47         PAGE  1


LOC  OBJECT CODE     LINE SOURCE TEXT
  VALUE

                      00001 
                      00002         list            p=16f887        ; list directive to define processor
                      00003         #include        <p16f887.inc>   ; processor specific variable definitions
                      00001         LIST
                      00002 
                      00003 ;==========================================================================
                      00004 ;  MPASM PIC16F887 processor include
                      00005 ; 
                      00006 ;  (c) Copyright 1999-2013 Microchip Technology, All rights reserved
                      00007 ;==========================================================================
                      00008 
                      00809         LIST
                      00004 
                      00005 
                      00006 ; '__CONFIG' directive is used to embed configuration data within .asm file.
                      00007 ; The labels following the directive are located in the respective .inc file.
                      00008 ; See respective data sheet for additional information on configuration word.
                      00009 
2007   28E4           00010         __CONFIG    _CONFIG1, _LVP_OFF & _FCMEN_ON & _IESO_OFF & _BOR_OFF & _CPD_OFF & _CP_OFF & _MCLRE_
                            ON & _PWRTE_ON & _WDT_OFF & _INTRC_OSC_NOCLKOUT
2008   3EFF           00011         __CONFIG    _CONFIG2, _WRT_OFF & _BOR21V
                      00012 
                      00013 
                      00014 ;***** VARIABLE DEFINITIONS
                      00015 ;w_temp         EQU     0x7D            ; variable used for context saving
                      00016 ;status_temp    EQU     0x7E            ; variable used for context saving
                      00017 ;pclath_temp    EQU     0x7F            ; variable used for context saving
                      00018 
Warning[205]: Found directive in column 1. (CBLOCK)
                      00019 CBLOCK  0x20
  00000020            00020         N1
  00000021            00021         N2
  00000022            00022         N3
                      00023         ENDC
  00000080            00024 J       equ     H'80'     
  00000081            00025 K       equ     H'81'
  00000082            00026 L       equ     H'82'
  00000021            00027 CONTADOR equ 0x21
  00000020            00028 CONTA EQU 0x20 
  00000023            00029 CONTADOR2 EQU 0X23
                      00030 ;**********************************************************************
                      00031 
Warning[205]: Found directive in column 1. (ORG)
0000                  00032 ORG     0x000             ; processor reset vector
0000   0000           00033                 nop
0001   2802           00034                 goto    INICIO    ; go to beginning of program
                      00035         
                      00036 ;CODIGO********************************************************
0002                  00037 INICIO
0002   1683           00038         bsf              STATUS,RP0                     ;ACCESO AL BANCO 1
0003   1303           00039         bcf              STATUS,RP1
0004   30FF           00040         movlw            b'11111111'    ;CONFIGURO PORTA COMO ENTRADAS
Message[302]: Register in operand not in bank 0.  Ensure that bank bits are correct.
MPASM  5.51                         LAB06.ASM   3-13-2020  13:52:47         PAGE  2


LOC  OBJECT CODE     LINE SOURCE TEXT
  VALUE

0005   0085           00041         movwf            TRISA
Message[302]: Register in operand not in bank 0.  Ensure that bank bits are correct.
0006   0186           00042         clrf             TRISB                  ;CONFIGURO PORTB COMO SALIDA
Message[302]: Register in operand not in bank 0.  Ensure that bank bits are correct.
0007   0189           00043         clrf             TRISE                  ;CONFIGURO PORTE COMO SALIDA
Message[302]: Register in operand not in bank 0.  Ensure that bank bits are correct.
0008   0188           00044         clrf             TRISD
0009   1703           00045         bsf              STATUS,RP1                     ;ACCESO AL BANCO 3
Message[302]: Register in operand not in bank 0.  Ensure that bank bits are correct.
000A   0188           00046         clrf             ANSEL                  ;CONFIGURACION DE SALIDAS DIGITALES
Message[302]: Register in operand not in bank 0.  Ensure that bank bits are correct.
000B   0189           00047         clrf             ANSELH                 ;CONFIGURACION DE ENTRADAS DIGITALES
000C   1683 1303      00048         BANKSEL OPTION_REG
000E   30C6           00049     MOVLW b'11000110' ;Configuración del modulo TMR0
Message[302]: Register in operand not in bank 0.  Ensure that bank bits are correct.
000F   0081           00050     MOVWF OPTION_REG ;Preescaler = 128
0010   1283           00051         bcf              STATUS,RP0                     ;ACCESO AL BANCO 0
0011   1303           00052         bcf              STATUS,RP1
                      00053 
                      00054 
                      00055 
0012                  00056 Pos0
0012   1885           00057         btfsc            PORTA,1                ;si es 0 brinca
0013   2816           00058         goto             m2_derecha              
0014   2817           00059         goto             m1_derecha
Error[113]  : Symbol not previously defined (main)
0015   2800           00060         goto             main
                      00061 
0016                  00062 m2_derecha
                      00063 
Error[113]  : Symbol not previously defined (main)
0016   2800           00064         goto             main
                      00065         
0017                  00066 m1_derecha          
0017   0821           00067         MOVF    CONTADOR,0
0018   202E           00068         CALL    TABLA1
0019   0086           00069         MOVWF   PORTB
001A   0823           00070         MOVF    CONTADOR2,0
001B   204C           00071         CALL    TABLA1_2
001C   0087           00072         MOVWF   PORTC
001D   206B           00073         CALL    _retardo
001E   0AA1           00074         INCF    CONTADOR,1
001F   0AA3           00075         INCF    CONTADOR2,1
Error[113]  : Symbol not previously defined (main)
0020   2800           00076         goto    main
                      00077         
                      00078 
0021                  00079 limpiar
0021   1008           00080         bcf              PORTD,0
Error[113]  : Symbol not previously defined (main)
0022   2800           00081         goto             main
0023                  00082 m1_izquierda
0023   0821           00083         MOVF    CONTADOR,0
MPASM  5.51                         LAB06.ASM   3-13-2020  13:52:47         PAGE  3


LOC  OBJECT CODE     LINE SOURCE TEXT
  VALUE

0024   202E           00084         CALL    TABLA1
0025   0086           00085         MOVWF   PORTB
0026   0823           00086         MOVF    CONTADOR2,0
0027   204C           00087         CALL    TABLA1_2
0028   0087           00088         MOVWF   PORTC
0029   206B           00089         CALL    _retardo
002A   0AA1           00090         INCF    CONTADOR,1
002B   0AA3           00091         INCF    CONTADOR2,1
Error[113]  : Symbol not previously defined (main)
002C   2800           00092         goto main
                      00093 
Error[116]  : Address label duplicated or different in second pass (m2_derecha)
002D                  00094 m2_derecha      
                      00095 
Error[113]  : Symbol not previously defined (main)
002D   2800           00096         goto    main
002E   0782           00097 TABLA1: addwf   PCL,f
002F   3433           00098                 retlw   b'00110011'                             ;M
0030   3430           00099                 retlw   b'00110000'                             ;1 uno
0031   3400           00100                 retlw   b'00000000'                             ;- 
0032   343E           00101                 retlw   b'00111110'                             ;D
0033   34CF           00102                 retlw   b'11001111'                             ;E
0034   34C3           00103                 retlw   b'11000011'                             ;R
0035   34CF           00104                 retlw   b'11001111'                             ;E
0036   34CF           00105                 retlw   b'11001111'                             ;C
0037   3433           00106                 retlw   b'00110011'                             ;H
0038   34F3           00107                 retlw   b'11110011'                             ;A
                      00108 
0039   34F3           00109                 retlw   b'11110011'                             ;A
003A   3400           00110                 retlw   b'00000000'                             ;X
003B   34CF           00111                 retlw   b'11001111'                             ;E
003C   340F           00112                 retlw   b'00001111'                             ;L
003D   3400           00113                 retlw   b'00000000'
003E   34CF           00114                 retlw   b'11001111'                             ;E
003F   343E           00115                 retlw   b'00111110'                             ;D
0040   343F           00116                 retlw   b'00111111'                             ;U
0041   34F3           00117                 retlw   b'11110011'                             ;A
0042   34C3           00118                 retlw   b'11000011'                             ;R
0043   343E           00119                 retlw   b'00111110'                             ;D
0044   34FF           00120                 retlw   b'11111111'                             ;O
0045   3400           00121                 retlw   b'00000000'
0046   34CC           00122                 retlw   b'11001100'                             ;I
0047   3403           00123                 retlw   b'00000011'                             ;V
0048   34F3           00124                 retlw   b'11110011'                             ;A
0049   3433           00125                 retlw   b'00110011'                             ;N
004A   01A1           00126                 CLRF CONTADOR
004B   0008           00127                 RETURN  
004C   0782           00128 TABLA1_2:       addwf   PCL,f
004D   34A0           00129                 retlw   b'10100000'                             ;M
004E   3420           00130                 retlw   b'00100000'                             ;1 uno
004F   3418           00131                 retlw   b'00011000'                             ;-
0050   3418           00132                 retlw   b'00011000'                             ;D
0051   3418           00133                 retlw   b'00011000'                             ;E
MPASM  5.51                         LAB06.ASM   3-13-2020  13:52:47         PAGE  4


LOC  OBJECT CODE     LINE SOURCE TEXT
  VALUE

0052   3400           00134                 retlw   b'00000000'                             ;R
0053   3418           00135                 retlw   b'00011000'                             ;E
0054   3400           00136                 retlw   b'00000000'                             ;C
0055   3418           00137                 retlw   b'00011000'                             ;H
0056   3418           00138                 retlw   b'00011000'                             ;A
                      00139 
                      00140 
0057   3418           00141                 retlw   b'00011000'                             ;A
0058   34A5           00142                 retlw   b'10100101'                             ;X
0059   3418           00143                 retlw   b'00011000'                             ;E
005A   3400           00144                 retlw   b'00000000'                             ;L
005B   3418           00145                 retlw   b'00011000'
005C   3418           00146                 retlw   b'00011000'                             ;E
                      00147                 
005D   3400           00148                 retlw   b'00000000'                             ;U
005E   3418           00149                 retlw   b'00011000'                             ;A
005F   3400           00150                 retlw   b'00000000'                             ;R
0060   3418           00151                 retlw   b'00011000'                             ;D
0061   3400           00152                 retlw   b'00000000'                             ;O
0062   3418           00153                 retlw   b'00011000'
0063   3442           00154                 retlw   b'01000010'                             ;I
0064   3424           00155                 retlw   b'00100100'                             ;V
0065   3418           00156                 retlw   b'00011000'                             ;A
0066   3481           00157                 retlw   b'10000001'                             ;N
0067   01A3           00158                 CLRF CONTADOR2
0068   0008           00159                 RETURN  
                      00160 
0069                  00161 TABLA3:
                      00162 
0069   0008           00163         return
                      00164 
006A                  00165 TABLA4: 
                      00166 
006A   0008           00167         return
                      00168 
                      00169 
                      00170 ;SUBRUTINA DE RETRASO APROX DE 1 SEGUNDO.SE PUEDE MODIFICAR A (16.4 x L) MILISEGUNDOS
                      00171 
006B                  00172 _retardo ;T = 4 * Tosc * Valor de TMR0 * Preescaler
006B   3064           00173         MOVLW d'100' ;Cargar el valor de CONTA para 0.5 segundo (VALOR A MODIFICAR SI SE QUIERE MAYOR RE
                            TARDO)
006C   00A0           00174         MOVWF CONTA
006D                  00175 _espera1
006D   018B           00176         CLRF INTCON ;Deshabilitar interrupciones
006E   3032           00177         MOVLW d'50' ;Cargar el valor de TMR0 para 122 cuentas
006F   0081           00178         MOVWF TMR0 
0070                  00179 _espera
0070   1D0B           00180         btfss INTCON,T0IF ;Esperar desborde del TMR0
0071   2870           00181         GOTO _espera
Message[305]: Using default destination of 1 (file).
0072   0BA0           00182         DECFSZ CONTA ;Decrementar el registro CONTA hasta cero
0073   286D           00183         GOTO _espera1 
0074   0008           00184         RETURN ;retorno de call
MPASM  5.51                         LAB06.ASM   3-13-2020  13:52:47         PAGE  5


LOC  OBJECT CODE     LINE SOURCE TEXT
  VALUE

                      00185 
                      00186         END
MPASM  5.51                         LAB06.ASM   3-13-2020  13:52:47         PAGE  6


SYMBOL TABLE
  LABEL                             VALUE 

ABDEN                             00000000
ABDOVF                            00000007
ACKDT                             00000005
ACKEN                             00000004
ACKSTAT                           00000006
ADCON0                            0000001F
ADCON1                            0000009F
ADCS0                             00000006
ADCS1                             00000007
ADDEN                             00000003
ADFM                              00000007
ADIE                              00000006
ADIF                              00000006
ADON                              00000000
ADRESH                            0000001E
ADRESL                            0000009E
ANS0                              00000000
ANS1                              00000001
ANS10                             00000002
ANS11                             00000003
ANS12                             00000004
ANS13                             00000005
ANS2                              00000002
ANS3                              00000003
ANS4                              00000004
ANS5                              00000005
ANS6                              00000006
ANS7                              00000007
ANS8                              00000000
ANS9                              00000001
ANSEL                             00000188
ANSELH                            00000189
BAUDCTL                           00000187
BCLIE                             00000003
BCLIF                             00000003
BF                                00000000
BRG0                              00000000
BRG1                              00000001
BRG10                             00000002
BRG11                             00000003
BRG12                             00000004
BRG13                             00000005
BRG14                             00000006
BRG15                             00000007
BRG16                             00000003
BRG2                              00000002
BRG3                              00000003
BRG4                              00000004
BRG5                              00000005
BRG6                              00000006
BRG7                              00000007
BRG8                              00000000
BRG9                              00000001
MPASM  5.51                         LAB06.ASM   3-13-2020  13:52:47         PAGE  7


SYMBOL TABLE
  LABEL                             VALUE 

BRGH                              00000002
C                                 00000000
C1CH0                             00000000
C1CH1                             00000001
C1IE                              00000005
C1IF                              00000005
C1OE                              00000005
C1ON                              00000007
C1OUT                             00000006
C1POL                             00000004
C1R                               00000002
C1RSEL                            00000005
C1SEN                             00000005
C2CH0                             00000000
C2CH1                             00000001
C2IE                              00000006
C2IF                              00000006
C2OE                              00000005
C2ON                              00000007
C2OUT                             00000006
C2POL                             00000004
C2R                               00000002
C2REN                             00000004
C2RSEL                            00000004
C2SYNC                            00000000
CCP1CON                           00000017
CCP1IE                            00000002
CCP1IF                            00000002
CCP1M0                            00000000
CCP1M1                            00000001
CCP1M2                            00000002
CCP1M3                            00000003
CCP1X                             00000005
CCP1Y                             00000004
CCP2CON                           0000001D
CCP2IE                            00000000
CCP2IF                            00000000
CCP2M0                            00000000
CCP2M1                            00000001
CCP2M2                            00000002
CCP2M3                            00000003
CCP2X                             00000005
CCP2Y                             00000004
CCPR1                             00000015
CCPR1H                            00000016
CCPR1L                            00000015
CCPR2                             0000001B
CCPR2H                            0000001C
CCPR2L                            0000001B
CHS0                              00000002
CHS1                              00000003
CHS2                              00000004
CHS3                              00000005
MPASM  5.51                         LAB06.ASM   3-13-2020  13:52:47         PAGE  8


SYMBOL TABLE
  LABEL                             VALUE 

CKE                               00000006
CKP                               00000004
CM1CON0                           00000107
CM2CON0                           00000108
CM2CON1                           00000109
CONTA                             00000020
CONTADOR                          00000021
CONTADOR2                         00000023
CREN                              00000004
CSRC                              00000007
D                                 00000005
DATA_ADDRESS                      00000005
DC                                00000001
DC1B0                             00000004
DC1B1                             00000005
DC2B0                             00000004
DC2B1                             00000005
D_A                               00000005
D_NOT_A                           00000005
ECCPAS                            0000009C
ECCPAS0                           00000004
ECCPAS1                           00000005
ECCPAS2                           00000006
ECCPASE                           00000007
EEADR                             0000010D
EEADRH                            0000010F
EECON1                            0000018C
EECON2                            0000018D
EEDAT                             0000010C
EEDATA                            0000010C
EEDATH                            0000010E
EEIE                              00000004
EEIF                              00000004
EEPGD                             00000007
F                                 00000001
FERR                              00000002
FSR                               00000004
FVREN                             00000000
GCEN                              00000007
GIE                               00000007
GO                                00000001
GO_DONE                           00000001
GO_NOT_DONE                       00000001
HTS                               00000002
I2C_DATA                          00000005
I2C_READ                          00000002
I2C_START                         00000003
I2C_STOP                          00000004
INDF                              00000000
INICIO                            00000002
INTCON                            0000000B
INTE                              00000004
INTEDG                            00000006
MPASM  5.51                         LAB06.ASM   3-13-2020  13:52:47         PAGE  9


SYMBOL TABLE
  LABEL                             VALUE 

INTF                              00000001
IOCB                              00000096
IOCB0                             00000000
IOCB1                             00000001
IOCB2                             00000002
IOCB3                             00000003
IOCB4                             00000004
IOCB5                             00000005
IOCB6                             00000006
IOCB7                             00000007
IRCF0                             00000004
IRCF1                             00000005
IRCF2                             00000006
IRP                               00000007
J                                 00000080
K                                 00000081
L                                 00000082
LTS                               00000001
MC1OUT                            00000007
MC2OUT                            00000006
MSK                               00000093
MSK0                              00000000
MSK1                              00000001
MSK2                              00000002
MSK3                              00000003
MSK4                              00000004
MSK5                              00000005
MSK6                              00000006
MSK7                              00000007
N1                                00000020
N2                                00000021
N3                                00000022
NOT_A                             00000005
NOT_ADDRESS                       00000005
NOT_BO                            00000000
NOT_BOR                           00000000
NOT_DONE                          00000001
NOT_PD                            00000003
NOT_POR                           00000001
NOT_RBPU                          00000007
NOT_RC8                           00000006
NOT_T1SYNC                        00000002
NOT_TO                            00000004
NOT_TX8                           00000006
NOT_W                             00000002
NOT_WRITE                         00000002
OERR                              00000001
OPTION_REG                        00000081
OSCCON                            0000008F
OSCTUNE                           00000090
OSFIE                             00000007
OSFIF                             00000007
OSTS                              00000003
MPASM  5.51                         LAB06.ASM   3-13-2020  13:52:47         PAGE 10


SYMBOL TABLE
  LABEL                             VALUE 

P                                 00000004
P1M0                              00000006
P1M1                              00000007
PCL                               00000002
PCLATH                            0000000A
PCON                              0000008E
PDC0                              00000000
PDC1                              00000001
PDC2                              00000002
PDC3                              00000003
PDC4                              00000004
PDC5                              00000005
PDC6                              00000006
PEIE                              00000006
PEN                               00000002
PIE1                              0000008C
PIE2                              0000008D
PIR1                              0000000C
PIR2                              0000000D
PORTA                             00000005
PORTB                             00000006
PORTC                             00000007
PORTD                             00000008
PORTE                             00000009
PR2                               00000092
PRSEN                             00000007
PS0                               00000000
PS1                               00000001
PS2                               00000002
PSA                               00000003
PSSAC0                            00000002
PSSAC1                            00000003
PSSBD0                            00000000
PSSBD1                            00000001
PSTRCON                           0000009D
PULSR                             00000002
PULSS                             00000003
PWM1CON                           0000009B
Pos0                              00000012
R                                 00000002
RA0                               00000000
RA1                               00000001
RA2                               00000002
RA3                               00000003
RA4                               00000004
RA5                               00000005
RA6                               00000006
RA7                               00000007
RB0                               00000000
RB1                               00000001
RB2                               00000002
RB3                               00000003
RB4                               00000004
MPASM  5.51                         LAB06.ASM   3-13-2020  13:52:47         PAGE 11


SYMBOL TABLE
  LABEL                             VALUE 

RB5                               00000005
RB6                               00000006
RB7                               00000007
RBIE                              00000003
RBIF                              00000000
RC0                               00000000
RC1                               00000001
RC2                               00000002
RC3                               00000003
RC4                               00000004
RC5                               00000005
RC6                               00000006
RC7                               00000007
RC8_9                             00000006
RC9                               00000006
RCD8                              00000000
RCEN                              00000003
RCIDL                             00000006
RCIE                              00000005
RCIF                              00000005
RCREG                             0000001A
RCSTA                             00000018
RD                                00000000
RD0                               00000000
RD1                               00000001
RD2                               00000002
RD3                               00000003
RD4                               00000004
RD5                               00000005
RD6                               00000006
RD7                               00000007
RE0                               00000000
RE1                               00000001
RE2                               00000002
RE3                               00000003
READ_WRITE                        00000002
RP0                               00000005
RP1                               00000006
RSEN                              00000001
RX9                               00000006
RX9D                              00000000
R_NOT_W                           00000002
R_W                               00000002
S                                 00000003
SBOREN                            00000004
SCKP                              00000004
SCS                               00000000
SEN                               00000000
SENDB                             00000003
SMP                               00000007
SPBRG                             00000099
SPBRGH                            0000009A
SPEN                              00000007
MPASM  5.51                         LAB06.ASM   3-13-2020  13:52:47         PAGE 12


SYMBOL TABLE
  LABEL                             VALUE 

SR0                               00000006
SR1                               00000007
SRCON                             00000185
SREN                              00000005
SSPADD                            00000093
SSPBUF                            00000013
SSPCON                            00000014
SSPCON2                           00000091
SSPEN                             00000005
SSPIE                             00000003
SSPIF                             00000003
SSPM0                             00000000
SSPM1                             00000001
SSPM2                             00000002
SSPM3                             00000003
SSPMSK                            00000093
SSPOV                             00000006
SSPSTAT                           00000094
STATUS                            00000003
STRA                              00000000
STRB                              00000001
STRC                              00000002
STRD                              00000003
STRSYNC                           00000004
SWDTEN                            00000000
SYNC                              00000004
T0CS                              00000005
T0IE                              00000005
T0IF                              00000002
T0SE                              00000004
T1CKPS0                           00000004
T1CKPS1                           00000005
T1CON                             00000010
T1GINV                            00000007
T1GIV                             00000007
T1GSS                             00000001
T1INSYNC                          00000002
T1OSCEN                           00000003
T1SYNC                            00000002
T2CKPS0                           00000000
T2CKPS1                           00000001
T2CON                             00000012
TABLA1                            0000002E
TABLA1_2                          0000004C
TABLA3                            00000069
TABLA4                            0000006A
TMR0                              00000001
TMR0IE                            00000005
TMR0IF                            00000002
TMR1                              0000000E
TMR1CS                            00000001
TMR1GE                            00000006
TMR1H                             0000000F
MPASM  5.51                         LAB06.ASM   3-13-2020  13:52:47         PAGE 13


SYMBOL TABLE
  LABEL                             VALUE 

TMR1IE                            00000000
TMR1IF                            00000000
TMR1L                             0000000E
TMR1ON                            00000000
TMR2                              00000011
TMR2IE                            00000001
TMR2IF                            00000001
TMR2ON                            00000002
TOUTPS0                           00000003
TOUTPS1                           00000004
TOUTPS2                           00000005
TOUTPS3                           00000006
TRISA                             00000085
TRISA0                            00000000
TRISA1                            00000001
TRISA2                            00000002
TRISA3                            00000003
TRISA4                            00000004
TRISA5                            00000005
TRISA6                            00000006
TRISA7                            00000007
TRISB                             00000086
TRISB0                            00000000
TRISB1                            00000001
TRISB2                            00000002
TRISB3                            00000003
TRISB4                            00000004
TRISB5                            00000005
TRISB6                            00000006
TRISB7                            00000007
TRISC                             00000087
TRISC0                            00000000
TRISC1                            00000001
TRISC2                            00000002
TRISC3                            00000003
TRISC4                            00000004
TRISC5                            00000005
TRISC6                            00000006
TRISC7                            00000007
TRISD                             00000088
TRISD0                            00000000
TRISD1                            00000001
TRISD2                            00000002
TRISD3                            00000003
TRISD4                            00000004
TRISD5                            00000005
TRISD6                            00000006
TRISD7                            00000007
TRISE                             00000089
TRISE0                            00000000
TRISE1                            00000001
TRISE2                            00000002
TRISE3                            00000003
MPASM  5.51                         LAB06.ASM   3-13-2020  13:52:47         PAGE 14


SYMBOL TABLE
  LABEL                             VALUE 

TRMT                              00000001
TUN0                              00000000
TUN1                              00000001
TUN2                              00000002
TUN3                              00000003
TUN4                              00000004
TX8_9                             00000006
TX9                               00000006
TX9D                              00000000
TXD8                              00000000
TXEN                              00000005
TXIE                              00000004
TXIF                              00000004
TXREG                             00000019
TXSTA                             00000098
UA                                00000001
ULPWUE                            00000005
ULPWUIE                           00000002
ULPWUIF                           00000002
VCFG0                             00000004
VCFG1                             00000005
VR0                               00000000
VR1                               00000001
VR2                               00000002
VR3                               00000003
VRCON                             00000097
VREN                              00000007
VROE                              00000006
VRR                               00000005
VRSS                              00000004
W                                 00000000
WCOL                              00000007
WDTCON                            00000105
WDTPS0                            00000001
WDTPS1                            00000002
WDTPS2                            00000003
WDTPS3                            00000004
WPUB                              00000095
WPUB0                             00000000
WPUB1                             00000001
WPUB2                             00000002
WPUB3                             00000003
WPUB4                             00000004
WPUB5                             00000005
WPUB6                             00000006
WPUB7                             00000007
WR                                00000001
WREN                              00000002
WRERR                             00000003
WUE                               00000001
Z                                 00000002
_BOR21V                           00003EFF
_BOR40V                           00003FFF
MPASM  5.51                         LAB06.ASM   3-13-2020  13:52:47         PAGE 15


SYMBOL TABLE
  LABEL                             VALUE 

_BOR4V_BOR21V                     00003EFF
_BOR4V_BOR40V                     00003FFF
_BOREN_NSLEEP                     00003EFF
_BOREN_OFF                        00003CFF
_BOREN_ON                         00003FFF
_BOREN_SBODEN                     00003DFF
_BOR_NSLEEP                       00003EFF
_BOR_OFF                          00003CFF
_BOR_ON                           00003FFF
_BOR_SBODEN                       00003DFF
_CONFIG1                          00002007
_CONFIG2                          00002008
_CPD_OFF                          00003FFF
_CPD_ON                           00003F7F
_CP_OFF                           00003FFF
_CP_ON                            00003FBF
_DEBUG_OFF                        00003FFF
_DEBUG_ON                         00001FFF
_DEVID1                           00002006
_EC_OSC                           00003FFB
_EXTRC                            00003FFF
_EXTRCIO                          00003FFE
_EXTRC_OSC_CLKOUT                 00003FFF
_EXTRC_OSC_NOCLKOUT               00003FFE
_FCMEN_OFF                        000037FF
_FCMEN_ON                         00003FFF
_FOSC_EC                          00003FFB
_FOSC_EXTRC_CLKOUT                00003FFF
_FOSC_EXTRC_NOCLKOUT              00003FFE
_FOSC_HS                          00003FFA
_FOSC_INTRC_CLKOUT                00003FFD
_FOSC_INTRC_NOCLKOUT              00003FFC
_FOSC_LP                          00003FF8
_FOSC_XT                          00003FF9
_HS_OSC                           00003FFA
_IDLOC0                           00002000
_IDLOC1                           00002001
_IDLOC2                           00002002
_IDLOC3                           00002003
_IESO_OFF                         00003BFF
_IESO_ON                          00003FFF
_INTOSC                           00003FFD
_INTOSCIO                         00003FFC
_INTRC_OSC_CLKOUT                 00003FFD
_INTRC_OSC_NOCLKOUT               00003FFC
_LP_OSC                           00003FF8
_LVP_OFF                          00002FFF
_LVP_ON                           00003FFF
_MCLRE_OFF                        00003FDF
_MCLRE_ON                         00003FFF
_PWRTE_OFF                        00003FFF
_PWRTE_ON                         00003FEF
_WDTE_OFF                         00003FF7
MPASM  5.51                         LAB06.ASM   3-13-2020  13:52:47         PAGE 16


SYMBOL TABLE
  LABEL                             VALUE 

_WDTE_ON                          00003FFF
_WDT_OFF                          00003FF7
_WDT_ON                           00003FFF
_WRT_1FOURTH                      00003BFF
_WRT_256                          00003DFF
_WRT_HALF                         000039FF
_WRT_OFF                          00003FFF
_XT_OSC                           00003FF9
__16F887                          00000001
__DEBUG                           1
_espera                           00000070
_espera1                          0000006D
_retardo                          0000006B
limpiar                           00000021
m1_derecha                        00000017
m1_izquierda                      00000023
m2_derecha                        00000016


MEMORY USAGE MAP ('X' = Used,  '-' = Unused)

0000 : XXXXXXXXXXXXXXXX XXXXXXXXXXXXXXXX XXXXXXXXXXXXXXXX XXXXXXXXXXXXXXXX
0040 : XXXXXXXXXXXXXXXX XXXXXXXXXXXXXXXX XXXXXXXXXXXXXXXX XXXXX-----------
2000 : -------XX------- ---------------- ---------------- ----------------

All other memory blocks unused.

Program Memory Words Used:   117
Program Memory Words Free:  8075


Errors   :     7
Warnings :     2 reported,     0 suppressed
Messages :     8 reported,     0 suppressed

